06:58:57 **** Build of configuration Debug for project Traffic_Light_On_Board ****
make -j16 all 
arm-none-eabi-gcc "../Drivers/STM32F1xx_HAL_Driver/Src/stm32f1xx_hal.c" -mcpu=cortex-m3 -std=gnu11 -g3 -DDEBUG -DUSE_HAL_DRIVER -DSTM32F103xB -c -I../Core/Inc -I../Drivers/STM32F1xx_HAL_Driver/Inc -I../Drivers/STM32F1xx_HAL_Driver/Inc/Legacy -I../Drivers/CMSIS/Device/ST/STM32F1xx/Include -I../Drivers/CMSIS/Include -O0 -ffunction-sections -fdata-sections -Wall -fstack-usage -MMD -MP -MF"Drivers/STM32F1xx_HAL_Driver/Src/stm32f1xx_hal.d" -MT"Drivers/STM32F1xx_HAL_Driver/Src/stm32f1xx_hal.o" --specs=nano.specs -mfloat-abi=soft -mthumb -o "Drivers/STM32F1xx_HAL_Driver/Src/stm32f1xx_hal.o"
arm-none-eabi-gcc "../Drivers/STM32F1xx_HAL_Driver/Src/stm32f1xx_hal_cortex.c" -mcpu=cortex-m3 -std=gnu11 -g3 -DDEBUG -DUSE_HAL_DRIVER -DSTM32F103xB -c -I../Core/Inc -I../Drivers/STM32F1xx_HAL_Driver/Inc -I../Drivers/STM32F1xx_HAL_Driver/Inc/Legacy -I../Drivers/CMSIS/Device/ST/STM32F1xx/Include -I../Drivers/CMSIS/Include -O0 -ffunction-sections -fdata-sections -Wall -fstack-usage -MMD -MP -MF"Drivers/STM32F1xx_HAL_Driver/Src/stm32f1xx_hal_cortex.d" -MT"Drivers/STM32F1xx_HAL_Driver/Src/stm32f1xx_hal_cortex.o" --specs=nano.specs -mfloat-abi=soft -mthumb -o "Drivers/STM32F1xx_HAL_Driver/Src/stm32f1xx_hal_cortex.o"
arm-none-eabi-gcc "../Drivers/STM32F1xx_HAL_Driver/Src/stm32f1xx_hal_dma.c" -mcpu=cortex-m3 -std=gnu11 -g3 -DDEBUG -DUSE_HAL_DRIVER -DSTM32F103xB -c -I../Core/Inc -I../Drivers/STM32F1xx_HAL_Driver/Inc -I../Drivers/STM32F1xx_HAL_Driver/Inc/Legacy -I../Drivers/CMSIS/Device/ST/STM32F1xx/Include -I../Drivers/CMSIS/Include -O0 -ffunction-sections -fdata-sections -Wall -fstack-usage -MMD -MP -MF"Drivers/STM32F1xx_HAL_Driver/Src/stm32f1xx_hal_dma.d" -MT"Drivers/STM32F1xx_HAL_Driver/Src/stm32f1xx_hal_dma.o" --specs=nano.specs -mfloat-abi=soft -mthumb -o "Drivers/STM32F1xx_HAL_Driver/Src/stm32f1xx_hal_dma.o"
arm-none-eabi-gcc "../Drivers/STM32F1xx_HAL_Driver/Src/stm32f1xx_hal_exti.c" -mcpu=cortex-m3 -std=gnu11 -g3 -DDEBUG -DUSE_HAL_DRIVER -DSTM32F103xB -c -I../Core/Inc -I../Drivers/STM32F1xx_HAL_Driver/Inc -I../Drivers/STM32F1xx_HAL_Driver/Inc/Legacy -I../Drivers/CMSIS/Device/ST/STM32F1xx/Include -I../Drivers/CMSIS/Include -O0 -ffunction-sections -fdata-sections -Wall -fstack-usage -MMD -MP -MF"Drivers/STM32F1xx_HAL_Driver/Src/stm32f1xx_hal_exti.d" -MT"Drivers/STM32F1xx_HAL_Driver/Src/stm32f1xx_hal_exti.o" --specs=nano.specs -mfloat-abi=soft -mthumb -o "Drivers/STM32F1xx_HAL_Driver/Src/stm32f1xx_hal_exti.o"
arm-none-eabi-gcc "../Drivers/STM32F1xx_HAL_Driver/Src/stm32f1xx_hal_flash.c" -mcpu=cortex-m3 -std=gnu11 -g3 -DDEBUG -DUSE_HAL_DRIVER -DSTM32F103xB -c -I../Core/Inc -I../Drivers/STM32F1xx_HAL_Driver/Inc -I../Drivers/STM32F1xx_HAL_Driver/Inc/Legacy -I../Drivers/CMSIS/Device/ST/STM32F1xx/Include -I../Drivers/CMSIS/Include -O0 -ffunction-sections -fdata-sections -Wall -fstack-usage -MMD -MP -MF"Drivers/STM32F1xx_HAL_Driver/Src/stm32f1xx_hal_flash.d" -MT"Drivers/STM32F1xx_HAL_Driver/Src/stm32f1xx_hal_flash.o" --specs=nano.specs -mfloat-abi=soft -mthumb -o "Drivers/STM32F1xx_HAL_Driver/Src/stm32f1xx_hal_flash.o"
arm-none-eabi-gcc "../Drivers/STM32F1xx_HAL_Driver/Src/stm32f1xx_hal_flash_ex.c" -mcpu=cortex-m3 -std=gnu11 -g3 -DDEBUG -DUSE_HAL_DRIVER -DSTM32F103xB -c -I../Core/Inc -I../Drivers/STM32F1xx_HAL_Driver/Inc -I../Drivers/STM32F1xx_HAL_Driver/Inc/Legacy -I../Drivers/CMSIS/Device/ST/STM32F1xx/Include -I../Drivers/CMSIS/Include -O0 -ffunction-sections -fdata-sections -Wall -fstack-usage -MMD -MP -MF"Drivers/STM32F1xx_HAL_Driver/Src/stm32f1xx_hal_flash_ex.d" -MT"Drivers/STM32F1xx_HAL_Driver/Src/stm32f1xx_hal_flash_ex.o" --specs=nano.specs -mfloat-abi=soft -mthumb -o "Drivers/STM32F1xx_HAL_Driver/Src/stm32f1xx_hal_flash_ex.o"
arm-none-eabi-gcc "../Drivers/STM32F1xx_HAL_Driver/Src/stm32f1xx_hal_gpio.c" -mcpu=cortex-m3 -std=gnu11 -g3 -DDEBUG -DUSE_HAL_DRIVER -DSTM32F103xB -c -I../Core/Inc -I../Drivers/STM32F1xx_HAL_Driver/Inc -I../Drivers/STM32F1xx_HAL_Driver/Inc/Legacy -I../Drivers/CMSIS/Device/ST/STM32F1xx/Include -I../Drivers/CMSIS/Include -O0 -ffunction-sections -fdata-sections -Wall -fstack-usage -MMD -MP -MF"Drivers/STM32F1xx_HAL_Driver/Src/stm32f1xx_hal_gpio.d" -MT"Drivers/STM32F1xx_HAL_Driver/Src/stm32f1xx_hal_gpio.o" --specs=nano.specs -mfloat-abi=soft -mthumb -o "Drivers/STM32F1xx_HAL_Driver/Src/stm32f1xx_hal_gpio.o"
arm-none-eabi-gcc "../Drivers/STM32F1xx_HAL_Driver/Src/stm32f1xx_hal_gpio_ex.c" -mcpu=cortex-m3 -std=gnu11 -g3 -DDEBUG -DUSE_HAL_DRIVER -DSTM32F103xB -c -I../Core/Inc -I../Drivers/STM32F1xx_HAL_Driver/Inc -I../Drivers/STM32F1xx_HAL_Driver/Inc/Legacy -I../Drivers/CMSIS/Device/ST/STM32F1xx/Include -I../Drivers/CMSIS/Include -O0 -ffunction-sections -fdata-sections -Wall -fstack-usage -MMD -MP -MF"Drivers/STM32F1xx_HAL_Driver/Src/stm32f1xx_hal_gpio_ex.d" -MT"Drivers/STM32F1xx_HAL_Driver/Src/stm32f1xx_hal_gpio_ex.o" --specs=nano.specs -mfloat-abi=soft -mthumb -o "Drivers/STM32F1xx_HAL_Driver/Src/stm32f1xx_hal_gpio_ex.o"
arm-none-eabi-gcc "../Drivers/STM32F1xx_HAL_Driver/Src/stm32f1xx_hal_i2c.c" -mcpu=cortex-m3 -std=gnu11 -g3 -DDEBUG -DUSE_HAL_DRIVER -DSTM32F103xB -c -I../Core/Inc -I../Drivers/STM32F1xx_HAL_Driver/Inc -I../Drivers/STM32F1xx_HAL_Driver/Inc/Legacy -I../Drivers/CMSIS/Device/ST/STM32F1xx/Include -I../Drivers/CMSIS/Include -O0 -ffunction-sections -fdata-sections -Wall -fstack-usage -MMD -MP -MF"Drivers/STM32F1xx_HAL_Driver/Src/stm32f1xx_hal_i2c.d" -MT"Drivers/STM32F1xx_HAL_Driver/Src/stm32f1xx_hal_i2c.o" --specs=nano.specs -mfloat-abi=soft -mthumb -o "Drivers/STM32F1xx_HAL_Driver/Src/stm32f1xx_hal_i2c.o"
arm-none-eabi-gcc "../Drivers/STM32F1xx_HAL_Driver/Src/stm32f1xx_hal_pwr.c" -mcpu=cortex-m3 -std=gnu11 -g3 -DDEBUG -DUSE_HAL_DRIVER -DSTM32F103xB -c -I../Core/Inc -I../Drivers/STM32F1xx_HAL_Driver/Inc -I../Drivers/STM32F1xx_HAL_Driver/Inc/Legacy -I../Drivers/CMSIS/Device/ST/STM32F1xx/Include -I../Drivers/CMSIS/Include -O0 -ffunction-sections -fdata-sections -Wall -fstack-usage -MMD -MP -MF"Drivers/STM32F1xx_HAL_Driver/Src/stm32f1xx_hal_pwr.d" -MT"Drivers/STM32F1xx_HAL_Driver/Src/stm32f1xx_hal_pwr.o" --specs=nano.specs -mfloat-abi=soft -mthumb -o "Drivers/STM32F1xx_HAL_Driver/Src/stm32f1xx_hal_pwr.o"
arm-none-eabi-gcc "../Drivers/STM32F1xx_HAL_Driver/Src/stm32f1xx_hal_rcc.c" -mcpu=cortex-m3 -std=gnu11 -g3 -DDEBUG -DUSE_HAL_DRIVER -DSTM32F103xB -c -I../Core/Inc -I../Drivers/STM32F1xx_HAL_Driver/Inc -I../Drivers/STM32F1xx_HAL_Driver/Inc/Legacy -I../Drivers/CMSIS/Device/ST/STM32F1xx/Include -I../Drivers/CMSIS/Include -O0 -ffunction-sections -fdata-sections -Wall -fstack-usage -MMD -MP -MF"Drivers/STM32F1xx_HAL_Driver/Src/stm32f1xx_hal_rcc.d" -MT"Drivers/STM32F1xx_HAL_Driver/Src/stm32f1xx_hal_rcc.o" --specs=nano.specs -mfloat-abi=soft -mthumb -o "Drivers/STM32F1xx_HAL_Driver/Src/stm32f1xx_hal_rcc.o"
arm-none-eabi-gcc "../Drivers/STM32F1xx_HAL_Driver/Src/stm32f1xx_hal_rcc_ex.c" -mcpu=cortex-m3 -std=gnu11 -g3 -DDEBUG -DUSE_HAL_DRIVER -DSTM32F103xB -c -I../Core/Inc -I../Drivers/STM32F1xx_HAL_Driver/Inc -I../Drivers/STM32F1xx_HAL_Driver/Inc/Legacy -I../Drivers/CMSIS/Device/ST/STM32F1xx/Include -I../Drivers/CMSIS/Include -O0 -ffunction-sections -fdata-sections -Wall -fstack-usage -MMD -MP -MF"Drivers/STM32F1xx_HAL_Driver/Src/stm32f1xx_hal_rcc_ex.d" -MT"Drivers/STM32F1xx_HAL_Driver/Src/stm32f1xx_hal_rcc_ex.o" --specs=nano.specs -mfloat-abi=soft -mthumb -o "Drivers/STM32F1xx_HAL_Driver/Src/stm32f1xx_hal_rcc_ex.o"
arm-none-eabi-gcc "../Drivers/STM32F1xx_HAL_Driver/Src/stm32f1xx_hal_tim.c" -mcpu=cortex-m3 -std=gnu11 -g3 -DDEBUG -DUSE_HAL_DRIVER -DSTM32F103xB -c -I../Core/Inc -I../Drivers/STM32F1xx_HAL_Driver/Inc -I../Drivers/STM32F1xx_HAL_Driver/Inc/Legacy -I../Drivers/CMSIS/Device/ST/STM32F1xx/Include -I../Drivers/CMSIS/Include -O0 -ffunction-sections -fdata-sections -Wall -fstack-usage -MMD -MP -MF"Drivers/STM32F1xx_HAL_Driver/Src/stm32f1xx_hal_tim.d" -MT"Drivers/STM32F1xx_HAL_Driver/Src/stm32f1xx_hal_tim.o" --specs=nano.specs -mfloat-abi=soft -mthumb -o "Drivers/STM32F1xx_HAL_Driver/Src/stm32f1xx_hal_tim.o"
arm-none-eabi-gcc "../Drivers/STM32F1xx_HAL_Driver/Src/stm32f1xx_hal_tim_ex.c" -mcpu=cortex-m3 -std=gnu11 -g3 -DDEBUG -DUSE_HAL_DRIVER -DSTM32F103xB -c -I../Core/Inc -I../Drivers/STM32F1xx_HAL_Driver/Inc -I../Drivers/STM32F1xx_HAL_Driver/Inc/Legacy -I../Drivers/CMSIS/Device/ST/STM32F1xx/Include -I../Drivers/CMSIS/Include -O0 -ffunction-sections -fdata-sections -Wall -fstack-usage -MMD -MP -MF"Drivers/STM32F1xx_HAL_Driver/Src/stm32f1xx_hal_tim_ex.d" -MT"Drivers/STM32F1xx_HAL_Driver/Src/stm32f1xx_hal_tim_ex.o" --specs=nano.specs -mfloat-abi=soft -mthumb -o "Drivers/STM32F1xx_HAL_Driver/Src/stm32f1xx_hal_tim_ex.o"
arm-none-eabi-gcc -mcpu=cortex-m3 -g3 -DDEBUG -c -x assembler-with-cpp -MMD -MP -MF"Core/Startup/startup_stm32f103rbtx.d" -MT"Core/Startup/startup_stm32f103rbtx.o" --specs=nano.specs -mfloat-abi=soft -mthumb -o "Core/Startup/startup_stm32f103rbtx.o" "../Core/Startup/startup_stm32f103rbtx.s"
arm-none-eabi-gcc "../Core/Src/button.c" -mcpu=cortex-m3 -std=gnu11 -g3 -DDEBUG -DUSE_HAL_DRIVER -DSTM32F103xB -c -I../Core/Inc -I../Drivers/STM32F1xx_HAL_Driver/Inc -I../Drivers/STM32F1xx_HAL_Driver/Inc/Legacy -I../Drivers/CMSIS/Device/ST/STM32F1xx/Include -I../Drivers/CMSIS/Include -O0 -ffunction-sections -fdata-sections -Wall -fstack-usage -MMD -MP -MF"Core/Src/button.d" -MT"Core/Src/button.o" --specs=nano.specs -mfloat-abi=soft -mthumb -o "Core/Src/button.o"
arm-none-eabi-gcc "../Core/Src/fsm_config_state.c" -mcpu=cortex-m3 -std=gnu11 -g3 -DDEBUG -DUSE_HAL_DRIVER -DSTM32F103xB -c -I../Core/Inc -I../Drivers/STM32F1xx_HAL_Driver/Inc -I../Drivers/STM32F1xx_HAL_Driver/Inc/Legacy -I../Drivers/CMSIS/Device/ST/STM32F1xx/Include -I../Drivers/CMSIS/Include -O0 -ffunction-sections -fdata-sections -Wall -fstack-usage -MMD -MP -MF"Core/Src/fsm_config_state.d" -MT"Core/Src/fsm_config_state.o" --specs=nano.specs -mfloat-abi=soft -mthumb -o "Core/Src/fsm_config_state.o"
arm-none-eabi-gcc "../Core/Src/fsm_error_state.c" -mcpu=cortex-m3 -std=gnu11 -g3 -DDEBUG -DUSE_HAL_DRIVER -DSTM32F103xB -c -I../Core/Inc -I../Drivers/STM32F1xx_HAL_Driver/Inc -I../Drivers/STM32F1xx_HAL_Driver/Inc/Legacy -I../Drivers/CMSIS/Device/ST/STM32F1xx/Include -I../Drivers/CMSIS/Include -O0 -ffunction-sections -fdata-sections -Wall -fstack-usage -MMD -MP -MF"Core/Src/fsm_error_state.d" -MT"Core/Src/fsm_error_state.o" --specs=nano.specs -mfloat-abi=soft -mthumb -o "Core/Src/fsm_error_state.o"
arm-none-eabi-gcc "../Core/Src/fsm_manual_state.c" -mcpu=cortex-m3 -std=gnu11 -g3 -DDEBUG -DUSE_HAL_DRIVER -DSTM32F103xB -c -I../Core/Inc -I../Drivers/STM32F1xx_HAL_Driver/Inc -I../Drivers/STM32F1xx_HAL_Driver/Inc/Legacy -I../Drivers/CMSIS/Device/ST/STM32F1xx/Include -I../Drivers/CMSIS/Include -O0 -ffunction-sections -fdata-sections -Wall -fstack-usage -MMD -MP -MF"Core/Src/fsm_manual_state.d" -MT"Core/Src/fsm_manual_state.o" --specs=nano.specs -mfloat-abi=soft -mthumb -o "Core/Src/fsm_manual_state.o"
arm-none-eabi-gcc "../Core/Src/fsm_normal_state.c" -mcpu=cortex-m3 -std=gnu11 -g3 -DDEBUG -DUSE_HAL_DRIVER -DSTM32F103xB -c -I../Core/Inc -I../Drivers/STM32F1xx_HAL_Driver/Inc -I../Drivers/STM32F1xx_HAL_Driver/Inc/Legacy -I../Drivers/CMSIS/Device/ST/STM32F1xx/Include -I../Drivers/CMSIS/Include -O0 -ffunction-sections -fdata-sections -Wall -fstack-usage -MMD -MP -MF"Core/Src/fsm_normal_state.d" -MT"Core/Src/fsm_normal_state.o" --specs=nano.specs -mfloat-abi=soft -mthumb -o "Core/Src/fsm_normal_state.o"
arm-none-eabi-gcc "../Core/Src/global.c" -mcpu=cortex-m3 -std=gnu11 -g3 -DDEBUG -DUSE_HAL_DRIVER -DSTM32F103xB -c -I../Core/Inc -I../Drivers/STM32F1xx_HAL_Driver/Inc -I../Drivers/STM32F1xx_HAL_Driver/Inc/Legacy -I../Drivers/CMSIS/Device/ST/STM32F1xx/Include -I../Drivers/CMSIS/Include -O0 -ffunction-sections -fdata-sections -Wall -fstack-usage -MMD -MP -MF"Core/Src/global.d" -MT"Core/Src/global.o" --specs=nano.specs -mfloat-abi=soft -mthumb -o "Core/Src/global.o"
arm-none-eabi-gcc "../Core/Src/lcd_display.c" -mcpu=cortex-m3 -std=gnu11 -g3 -DDEBUG -DUSE_HAL_DRIVER -DSTM32F103xB -c -I../Core/Inc -I../Drivers/STM32F1xx_HAL_Driver/Inc -I../Drivers/STM32F1xx_HAL_Driver/Inc/Legacy -I../Drivers/CMSIS/Device/ST/STM32F1xx/Include -I../Drivers/CMSIS/Include -O0 -ffunction-sections -fdata-sections -Wall -fstack-usage -MMD -MP -MF"Core/Src/lcd_display.d" -MT"Core/Src/lcd_display.o" --specs=nano.specs -mfloat-abi=soft -mthumb -o "Core/Src/lcd_display.o"
arm-none-eabi-gcc "../Core/Src/light_display.c" -mcpu=cortex-m3 -std=gnu11 -g3 -DDEBUG -DUSE_HAL_DRIVER -DSTM32F103xB -c -I../Core/Inc -I../Drivers/STM32F1xx_HAL_Driver/Inc -I../Drivers/STM32F1xx_HAL_Driver/Inc/Legacy -I../Drivers/CMSIS/Device/ST/STM32F1xx/Include -I../Drivers/CMSIS/Include -O0 -ffunction-sections -fdata-sections -Wall -fstack-usage -MMD -MP -MF"Core/Src/light_display.d" -MT"Core/Src/light_display.o" --specs=nano.specs -mfloat-abi=soft -mthumb -o "Core/Src/light_display.o"
arm-none-eabi-gcc "../Core/Src/main.c" -mcpu=cortex-m3 -std=gnu11 -g3 -DDEBUG -DUSE_HAL_DRIVER -DSTM32F103xB -c -I../Core/Inc -I../Drivers/STM32F1xx_HAL_Driver/Inc -I../Drivers/STM32F1xx_HAL_Driver/Inc/Legacy -I../Drivers/CMSIS/Device/ST/STM32F1xx/Include -I../Drivers/CMSIS/Include -O0 -ffunction-sections -fdata-sections -Wall -fstack-usage -MMD -MP -MF"Core/Src/main.d" -MT"Core/Src/main.o" --specs=nano.specs -mfloat-abi=soft -mthumb -o "Core/Src/main.o"
arm-none-eabi-gcc "../Core/Src/stm32f1xx_hal_msp.c" -mcpu=cortex-m3 -std=gnu11 -g3 -DDEBUG -DUSE_HAL_DRIVER -DSTM32F103xB -c -I../Core/Inc -I../Drivers/STM32F1xx_HAL_Driver/Inc -I../Drivers/STM32F1xx_HAL_Driver/Inc/Legacy -I../Drivers/CMSIS/Device/ST/STM32F1xx/Include -I../Drivers/CMSIS/Include -O0 -ffunction-sections -fdata-sections -Wall -fstack-usage -MMD -MP -MF"Core/Src/stm32f1xx_hal_msp.d" -MT"Core/Src/stm32f1xx_hal_msp.o" --specs=nano.specs -mfloat-abi=soft -mthumb -o "Core/Src/stm32f1xx_hal_msp.o"
arm-none-eabi-gcc "../Core/Src/stm32f1xx_it.c" -mcpu=cortex-m3 -std=gnu11 -g3 -DDEBUG -DUSE_HAL_DRIVER -DSTM32F103xB -c -I../Core/Inc -I../Drivers/STM32F1xx_HAL_Driver/Inc -I../Drivers/STM32F1xx_HAL_Driver/Inc/Legacy -I../Drivers/CMSIS/Device/ST/STM32F1xx/Include -I../Drivers/CMSIS/Include -O0 -ffunction-sections -fdata-sections -Wall -fstack-usage -MMD -MP -MF"Core/Src/stm32f1xx_it.d" -MT"Core/Src/stm32f1xx_it.o" --specs=nano.specs -mfloat-abi=soft -mthumb -o "Core/Src/stm32f1xx_it.o"
arm-none-eabi-gcc "../Core/Src/syscalls.c" -mcpu=cortex-m3 -std=gnu11 -g3 -DDEBUG -DUSE_HAL_DRIVER -DSTM32F103xB -c -I../Core/Inc -I../Drivers/STM32F1xx_HAL_Driver/Inc -I../Drivers/STM32F1xx_HAL_Driver/Inc/Legacy -I../Drivers/CMSIS/Device/ST/STM32F1xx/Include -I../Drivers/CMSIS/Include -O0 -ffunction-sections -fdata-sections -Wall -fstack-usage -MMD -MP -MF"Core/Src/syscalls.d" -MT"Core/Src/syscalls.o" --specs=nano.specs -mfloat-abi=soft -mthumb -o "Core/Src/syscalls.o"
arm-none-eabi-gcc "../Core/Src/sysmem.c" -mcpu=cortex-m3 -std=gnu11 -g3 -DDEBUG -DUSE_HAL_DRIVER -DSTM32F103xB -c -I../Core/Inc -I../Drivers/STM32F1xx_HAL_Driver/Inc -I../Drivers/STM32F1xx_HAL_Driver/Inc/Legacy -I../Drivers/CMSIS/Device/ST/STM32F1xx/Include -I../Drivers/CMSIS/Include -O0 -ffunction-sections -fdata-sections -Wall -fstack-usage -MMD -MP -MF"Core/Src/sysmem.d" -MT"Core/Src/sysmem.o" --specs=nano.specs -mfloat-abi=soft -mthumb -o "Core/Src/sysmem.o"
arm-none-eabi-gcc "../Core/Src/system_stm32f1xx.c" -mcpu=cortex-m3 -std=gnu11 -g3 -DDEBUG -DUSE_HAL_DRIVER -DSTM32F103xB -c -I../Core/Inc -I../Drivers/STM32F1xx_HAL_Driver/Inc -I../Drivers/STM32F1xx_HAL_Driver/Inc/Legacy -I../Drivers/CMSIS/Device/ST/STM32F1xx/Include -I../Drivers/CMSIS/Include -O0 -ffunction-sections -fdata-sections -Wall -fstack-usage -MMD -MP -MF"Core/Src/system_stm32f1xx.d" -MT"Core/Src/system_stm32f1xx.o" --specs=nano.specs -mfloat-abi=soft -mthumb -o "Core/Src/system_stm32f1xx.o"
../Core/Src/fsm_config_state.c: In function 'fsm_processing_red_trafficlight':
../Core/Src/fsm_config_state.c:13:3: warning: implicit declaration of function 'RGB_TrafficLight_Blink' [-Wimplicit-function-declaration]
   13 |   RGB_TrafficLight_Blink(RGB_tl1, 0);
      |   ^~~~~~~~~~~~~~~~~~~~~~
../Core/Src/global.c:14:1: error: expected expression before 'uint8_t'
   14 | uint8_t light_state1  = RED_STATE;
      | ^~~~~~~
In file included from ../Core/Src/fsm_normal_state.c:9:
../Core/Inc/fsm_normal_state.h:12:10: fatal error: led_display.h: No such file or directory
   12 | #include "led_display.h"
      |          ^~~~~~~~~~~~~~~
compilation terminated.
../Core/Src/fsm_config_state.c: In function 'fsm_fixedred_state':
../Core/Src/fsm_config_state.c:25:4: error: 'index_led' undeclared (first use in this function)
   25 |    index_led = 0;
      |    ^~~~~~~~~
../Core/Src/fsm_config_state.c:25:4: note: each undeclared identifier is reported only once for each function it appears in
../Core/Src/fsm_config_state.c:26:19: error: 'FIX_YELLOW_STATE' undeclared (first use in this function); did you mean 'YELLOW_STATE'?
   26 |    system_state = FIX_YELLOW_STATE;
      |                   ^~~~~~~~~~~~~~~~
      |                   YELLOW_STATE
make: *** [Core/Src/subdir.mk:58: Core/Src/global.o] Error 1
make: *** Waiting for unfinished jobs....
make: *** [Core/Src/subdir.mk:58: Core/Src/fsm_normal_state.o] Error 1
../Core/Src/fsm_config_state.c:27:4: warning: implicit declaration of function 'updateClockBuffer' [-Wimplicit-function-declaration]
   27 |    updateClockBuffer(system_state, Pre_Yellow_Counter);
      |    ^~~~~~~~~~~~~~~~~
../Core/Src/fsm_config_state.c: In function 'fsm_fixedyellow_state':
../Core/Src/fsm_config_state.c:71:4: error: 'index_led' undeclared (first use in this function)
   71 |    index_led = 0;
      |    ^~~~~~~~~
../Core/Src/fsm_config_state.c:72:19: error: 'FIX_GREEN_STATE' undeclared (first use in this function); did you mean 'CONFIG_GREEN_STATE'?
   72 |    system_state = FIX_GREEN_STATE;
      |                   ^~~~~~~~~~~~~~~
      |                   CONFIG_GREEN_STATE
../Core/Src/fsm_config_state.c: In function 'fsm_fixedgreen_state':
../Core/Src/fsm_config_state.c:110:4: error: 'index_led' undeclared (first use in this function)
  110 |    index_led = 0;
      |    ^~~~~~~~~
../Core/Src/fsm_config_state.c:136:4: warning: implicit declaration of function 'RGB_TrafficLight_TurnOn' [-Wimplicit-function-declaration]
  136 |    RGB_TrafficLight_TurnOn(RGB_tl1, RED_STATE);
      |    ^~~~~~~~~~~~~~~~~~~~~~~
make: *** [Core/Src/subdir.mk:58: Core/Src/fsm_config_state.o] Error 1
"make -j16 all" terminated with exit code 2. Build might be incomplete.
12:58:10 **** Build of configuration Debug for project Traffic_Light_On_Board ****
make -j16 all 
arm-none-eabi-gcc "../Core/Src/button.c" -mcpu=cortex-m3 -std=gnu11 -g3 -DDEBUG -DUSE_HAL_DRIVER -DSTM32F103xB -c -I../Core/Inc -I../Drivers/STM32F1xx_HAL_Driver/Inc -I../Drivers/STM32F1xx_HAL_Driver/Inc/Legacy -I../Drivers/CMSIS/Device/ST/STM32F1xx/Include -I../Drivers/CMSIS/Include -O0 -ffunction-sections -fdata-sections -Wall -fstack-usage -MMD -MP -MF"Core/Src/button.d" -MT"Core/Src/button.o" --specs=nano.specs -mfloat-abi=soft -mthumb -o "Core/Src/button.o"
arm-none-eabi-gcc "../Core/Src/fsm_config_state.c" -mcpu=cortex-m3 -std=gnu11 -g3 -DDEBUG -DUSE_HAL_DRIVER -DSTM32F103xB -c -I../Core/Inc -I../Drivers/STM32F1xx_HAL_Driver/Inc -I../Drivers/STM32F1xx_HAL_Driver/Inc/Legacy -I../Drivers/CMSIS/Device/ST/STM32F1xx/Include -I../Drivers/CMSIS/Include -O0 -ffunction-sections -fdata-sections -Wall -fstack-usage -MMD -MP -MF"Core/Src/fsm_config_state.d" -MT"Core/Src/fsm_config_state.o" --specs=nano.specs -mfloat-abi=soft -mthumb -o "Core/Src/fsm_config_state.o"
arm-none-eabi-gcc "../Core/Src/fsm_normal_state.c" -mcpu=cortex-m3 -std=gnu11 -g3 -DDEBUG -DUSE_HAL_DRIVER -DSTM32F103xB -c -I../Core/Inc -I../Drivers/STM32F1xx_HAL_Driver/Inc -I../Drivers/STM32F1xx_HAL_Driver/Inc/Legacy -I../Drivers/CMSIS/Device/ST/STM32F1xx/Include -I../Drivers/CMSIS/Include -O0 -ffunction-sections -fdata-sections -Wall -fstack-usage -MMD -MP -MF"Core/Src/fsm_normal_state.d" -MT"Core/Src/fsm_normal_state.o" --specs=nano.specs -mfloat-abi=soft -mthumb -o "Core/Src/fsm_normal_state.o"
arm-none-eabi-gcc "../Core/Src/global.c" -mcpu=cortex-m3 -std=gnu11 -g3 -DDEBUG -DUSE_HAL_DRIVER -DSTM32F103xB -c -I../Core/Inc -I../Drivers/STM32F1xx_HAL_Driver/Inc -I../Drivers/STM32F1xx_HAL_Driver/Inc/Legacy -I../Drivers/CMSIS/Device/ST/STM32F1xx/Include -I../Drivers/CMSIS/Include -O0 -ffunction-sections -fdata-sections -Wall -fstack-usage -MMD -MP -MF"Core/Src/global.d" -MT"Core/Src/global.o" --specs=nano.specs -mfloat-abi=soft -mthumb -o "Core/Src/global.o"
../Core/Src/global.c:14:1: error: expected expression before 'uint8_t'
   14 | uint8_t light_state1  = RED_STATE;
      | ^~~~~~~
In file included from ../Core/Src/fsm_normal_state.c:9:
../Core/Inc/fsm_normal_state.h:12:10: fatal error: led_display.h: No such file or directory
   12 | #include "led_display.h"
      |          ^~~~~~~~~~~~~~~
compilation terminated.
../Core/Src/button.c: In function 'button_reading':
../Core/Src/button.c:35:16: error: 'btn_typedef' {aka 'struct <anonymous>'} has no member named 'counterForButtonPress'; did you mean 'counterForButtonPress1s'?
   35 |      if(btn[i].counterForButtonPress >= 2 && btn[i].counterForButtonPress <= 8){
      |                ^~~~~~~~~~~~~~~~~~~~~
      |                counterForButtonPress1s
../Core/Src/button.c:35:53: error: 'btn_typedef' {aka 'struct <anonymous>'} has no member named 'counterForButtonPress'; did you mean 'counterForButtonPress1s'?
   35 |      if(btn[i].counterForButtonPress >= 2 && btn[i].counterForButtonPress <= 8){
      |                                                     ^~~~~~~~~~~~~~~~~~~~~
      |                                                     counterForButtonPress1s
../Core/Src/button.c:37:14: error: 'btn_typedef' {aka 'struct <anonymous>'} has no member named 'counterForButtonPress'; did you mean 'counterForButtonPress1s'?
   37 |       btn[i].counterForButtonPress = 0;
      |              ^~~~~~~~~~~~~~~~~~~~~
      |              counterForButtonPress1s
../Core/Src/button.c:39:18: error: 'btn_typedef' {aka 'struct <anonymous>'} has no member named 'counterForButtonPress'; did you mean 'counterForButtonPress1s'?
   39 |      else btn[i].counterForButtonPress = 0;
      |                  ^~~~~~~~~~~~~~~~~~~~~
      |                  counterForButtonPress1s
../Core/Src/button.c:44:12: error: 'btn_typedef' {aka 'struct <anonymous>'} has no member named 'counterForButtonPress'; did you mean 'counterForButtonPress1s'?
   44 |     btn[i].counterForButtonPress++;
      |            ^~~~~~~~~~~~~~~~~~~~~
      |            counterForButtonPress1s
make: *** [Core/Src/subdir.mk:58: Core/Src/global.o] Error 1
make: *** Waiting for unfinished jobs....
make: *** [Core/Src/subdir.mk:58: Core/Src/fsm_normal_state.o] Error 1
make: *** [Core/Src/subdir.mk:58: Core/Src/button.o] Error 1
../Core/Src/fsm_config_state.c: In function 'blink_red_trafficlight':
../Core/Src/fsm_config_state.c:18:3: warning: implicit declaration of function 'RGB_TrafficLight_Blink' [-Wimplicit-function-declaration]
   18 |   RGB_TrafficLight_Blink(RGB_tl1, 0);
      |   ^~~~~~~~~~~~~~~~~~~~~~
../Core/Src/fsm_config_state.c: In function 'fsm_fixedred_state':
../Core/Src/fsm_config_state.c:28:5: error: 'error_state' undeclared (first use in this function)
   28 |     error_state = RED_NOT_EQUAL_YELLOW_AND_GREEN;
      |     ^~~~~~~~~~~
../Core/Src/fsm_config_state.c:28:5: note: each undeclared identifier is reported only once for each function it appears in
../Core/Src/fsm_config_state.c:28:19: error: 'RED_NOT_EQUAL_YELLOW_AND_GREEN' undeclared (first use in this function)
   28 |     error_state = RED_NOT_EQUAL_YELLOW_AND_GREEN;
      |                   ^~~~~~~~~~~~~~~~~~~~~~~~~~~~~~
../Core/Src/fsm_config_state.c:40:5: warning: implicit declaration of function 'updateLCDBuffer' [-Wimplicit-function-declaration]
   40 |     updateLCDBuffer(Red_Counter, Green_Counter);
      |     ^~~~~~~~~~~~~~~
../Core/Src/fsm_config_state.c:41:20: error: 'NORMAL_STATE' undeclared (first use in this function); did you mean 'MANUAL_STATE'?
   41 |     system_state = NORMAL_STATE;
      |                    ^~~~~~~~~~~~
      |                    MANUAL_STATE
../Core/Src/fsm_config_state.c:71:7: warning: implicit declaration of function 'is_button_pressed1s'; did you mean 'is_button_pressed_1s'? [-Wimplicit-function-declaration]
   71 |    if(is_button_pressed1s(&btn[2])){
      |       ^~~~~~~~~~~~~~~~~~~
      |       is_button_pressed_1s
../Core/Src/fsm_config_state.c: In function 'fsm_fixedyellow_state':
../Core/Src/fsm_config_state.c:98:22: error: 'Blue_Counter' undeclared (first use in this function); did you mean 'Green_Counter'?
   98 |    if(Red_Counter != Blue_Counter + Green_Counter){
      |                      ^~~~~~~~~~~~
      |                      Green_Counter
../Core/Src/fsm_config_state.c:99:5: error: 'error_state' undeclared (first use in this function)
   99 |     error_state = RED_NOT_EQUAL_YELLOW_GREEN;
      |     ^~~~~~~~~~~
../Core/Src/fsm_config_state.c:99:19: error: 'RED_NOT_EQUAL_YELLOW_GREEN' undeclared (first use in this function)
   99 |     error_state = RED_NOT_EQUAL_YELLOW_GREEN;
      |                   ^~~~~~~~~~~~~~~~~~~~~~~~~~
../Core/Src/fsm_config_state.c:111:5: warning: implicit declaration of function 'RGB_TrafficLight_TurnOn' [-Wimplicit-function-declaration]
  111 |     RGB_TrafficLight_TurnOn(RGB_tl1, RED_STATE);
      |     ^~~~~~~~~~~~~~~~~~~~~~~
../Core/Src/fsm_config_state.c:120:20: error: 'NORMAL_STATE' undeclared (first use in this function); did you mean 'MANUAL_STATE'?
  120 |     system_state = NORMAL_STATE;
      |                    ^~~~~~~~~~~~
      |                    MANUAL_STATE
../Core/Src/fsm_config_state.c:131:8: warning: implicit declaration of function 'is_button_double_pressed'; did you mean 'is_button_double_press'? [-Wimplicit-function-declaration]
  131 |     if(is_button_double_pressed(&btn[1])){
      |        ^~~~~~~~~~~~~~~~~~~~~~~~
      |        is_button_double_press
../Core/Src/fsm_config_state.c:149:20: error: 'RED_LESS_OR_EQUAL_THAN_YELLOW' undeclared (first use in this function)
  149 |      error_state = RED_LESS_OR_EQUAL_THAN_YELLOW;
      |                    ^~~~~~~~~~~~~~~~~~~~~~~~~~~~~
../Core/Src/fsm_config_state.c: In function 'fsm_fixedgreen_state':
../Core/Src/fsm_config_state.c:182:5: error: 'error_state' undeclared (first use in this function)
  182 |     error_state = RED_NOT_EQUAL_YELLOW_GREEN;
      |     ^~~~~~~~~~~
../Core/Src/fsm_config_state.c:182:19: error: 'RED_NOT_EQUAL_YELLOW_GREEN' undeclared (first use in this function)
  182 |     error_state = RED_NOT_EQUAL_YELLOW_GREEN;
      |                   ^~~~~~~~~~~~~~~~~~~~~~~~~~
../Core/Src/fsm_config_state.c:201:20: error: 'NORMAL_STATE' undeclared (first use in this function); did you mean 'MANUAL_STATE'?
  201 |     system_state = NORMAL_STATE;
      |                    ^~~~~~~~~~~~
      |                    MANUAL_STATE
../Core/Src/fsm_config_state.c:230:20: error: 'RED_LESS_OR_EQUAL_THAN_GREEN' undeclared (first use in this function)
  230 |      error_state = RED_LESS_OR_EQUAL_THAN_GREEN;
      |                    ^~~~~~~~~~~~~~~~~~~~~~~~~~~~
make: *** [Core/Src/subdir.mk:58: Core/Src/fsm_config_state.o] Error 1
"make -j16 all" terminated with exit code 2. Build might be incomplete.
