2025-11-21 13:41:57,625 [INFO] Activator:177 - 


2025-11-21 13:41:57,626 [INFO] Activator:178 - !SESSION log4j initialized
2025-11-21 13:50:27,898 [INFO] McuFinderGlobals:39 - Set McuFinder mode to 2 (CubeIDE integrated)
2025-11-21 13:50:28,351 [INFO] ApplicationProperties:181 - Using Application install path: E:\STM32CubeIDE\STM32CubeIDE_1.7.0\STM32CubeIDE\plugins\com.st.stm32cube.common.mx_6.3.0.202107141111
2025-11-21 13:50:28,362 [INFO] DbMcusXml:74 - Set database path to: E:\STM32CubeIDE\STM32CubeIDE_1.7.0\STM32CubeIDE\plugins\com.st.stm32cube.common.mx_6.3.0.202107141111\\db\/mcu/
2025-11-21 13:50:28,364 [INFO] DbBoardsPdsc:56 - Set plugin database path to: E:\STM32CubeIDE\STM32CubeIDE_1.7.0\STM32CubeIDE\plugins\com.st.stm32cube.common.mx_6.3.0.202107141111\\db\/plugins/boardmanager/
2025-11-21 13:50:28,365 [INFO] DbMcus:258 - Set plugin images path to: E:\STM32CubeIDE\STM32CubeIDE_1.7.0\STM32CubeIDE\plugins\com.st.stm32cube.common.mx_6.3.0.202107141111\\db\/plugins/mcufinder/images/
2025-11-21 13:50:28,365 [INFO] DbBoards:264 - Set plugin images path to: E:\STM32CubeIDE\STM32CubeIDE_1.7.0\STM32CubeIDE\plugins\com.st.stm32cube.common.mx_6.3.0.202107141111\\db\/plugins/mcufinder/images/
2025-11-21 13:50:28,367 [INFO] DbExamples:333 - Set plugin images path to: E:\STM32CubeIDE\STM32CubeIDE_1.7.0\STM32CubeIDE\plugins\com.st.stm32cube.common.mx_6.3.0.202107141111\\db\/plugins/mcufinder/images/
2025-11-21 13:50:28,381 [INFO] DbMcusAds:119 - Set database path to: C:\Users\Admin\.stmcufinder\plugins\mcufinder//mcu/
2025-11-21 13:50:28,381 [INFO] DbMcusDocs:110 - Set database path to: C:\Users\Admin\.stmcufinder\plugins\mcufinder//mcu/
2025-11-21 13:50:28,383 [INFO] DbMcusJson:64 - Set database path to: C:\Users\Admin\.stmcufinder\plugins\mcufinder//mcu/
2025-11-21 13:50:28,383 [INFO] DbBoardsDocs:110 - Set database path to: C:\Users\Admin\.stmcufinder\plugins\mcufinder//mcu/
2025-11-21 13:50:28,384 [INFO] DbBoardsJson:57 - Set database path to: C:\Users\Admin\.stmcufinder\plugins\mcufinder//mcu/
2025-11-21 13:50:28,422 [INFO] CrossReferenceDbSqlite:196 - Set database path to: C:\Users\Admin\.stmcufinder\plugins\mcufinder//mcu/cs/
2025-11-21 13:50:28,425 [INFO] DbExamplesSqlite:767 - Set database path to: C:\Users\Admin\.stmcufinder\plugins\mcufinder//mcu/
2025-11-21 13:50:28,499 [INFO] RulesReader:57 - Compatibility file has been processed (242 Rules)
2025-11-21 13:50:28,568 [INFO] DbMcusXml:74 - Set database path to: E:\STM32CubeIDE\STM32CubeIDE_1.7.0\STM32CubeIDE\plugins\com.st.stm32cube.common.mx_6.3.0.202107141111\\db\/mcu/
2025-11-21 13:50:28,569 [INFO] DbBoardsPdsc:56 - Set plugin database path to: E:\STM32CubeIDE\STM32CubeIDE_1.7.0\STM32CubeIDE\plugins\com.st.stm32cube.common.mx_6.3.0.202107141111\\db\/plugins/boardmanager/
2025-11-21 13:50:28,569 [INFO] DbMcus:258 - Set plugin images path to: E:\STM32CubeIDE\STM32CubeIDE_1.7.0\STM32CubeIDE\plugins\com.st.stm32cube.common.mx_6.3.0.202107141111\\db\/plugins/mcufinder/images/
2025-11-21 13:50:28,569 [INFO] DbBoards:264 - Set plugin images path to: E:\STM32CubeIDE\STM32CubeIDE_1.7.0\STM32CubeIDE\plugins\com.st.stm32cube.common.mx_6.3.0.202107141111\\db\/plugins/mcufinder/images/
2025-11-21 13:50:28,569 [INFO] DbExamples:333 - Set plugin images path to: E:\STM32CubeIDE\STM32CubeIDE_1.7.0\STM32CubeIDE\plugins\com.st.stm32cube.common.mx_6.3.0.202107141111\\db\/plugins/mcufinder/images/
2025-11-21 13:50:28,569 [WARN] DbFile:35 - Overriding database path with different value: C:\Users\Admin\.stmcufinder\plugins\mcufinder/ => C:\Users\Admin\.stmcufinder\plugins\mcufinder
2025-11-21 13:50:28,569 [INFO] DbMcusAds:119 - Set database path to: C:\Users\Admin\.stmcufinder\plugins\mcufinder//mcu/
2025-11-21 13:50:28,569 [WARN] DbFile:35 - Overriding database path with different value: C:\Users\Admin\.stmcufinder\plugins\mcufinder/ => C:\Users\Admin\.stmcufinder\plugins\mcufinder
2025-11-21 13:50:28,569 [INFO] DbMcusDocs:110 - Set database path to: C:\Users\Admin\.stmcufinder\plugins\mcufinder//mcu/
2025-11-21 13:50:28,569 [WARN] DbFile:35 - Overriding database path with different value: C:\Users\Admin\.stmcufinder\plugins\mcufinder/ => C:\Users\Admin\.stmcufinder\plugins\mcufinder
2025-11-21 13:50:28,569 [INFO] DbMcusJson:64 - Set database path to: C:\Users\Admin\.stmcufinder\plugins\mcufinder//mcu/
2025-11-21 13:50:28,570 [WARN] DbFile:35 - Overriding database path with different value: C:\Users\Admin\.stmcufinder\plugins\mcufinder/ => C:\Users\Admin\.stmcufinder\plugins\mcufinder
2025-11-21 13:50:28,570 [INFO] DbBoardsDocs:110 - Set database path to: C:\Users\Admin\.stmcufinder\plugins\mcufinder//mcu/
2025-11-21 13:50:28,570 [WARN] DbFile:35 - Overriding database path with different value: C:\Users\Admin\.stmcufinder\plugins\mcufinder/ => C:\Users\Admin\.stmcufinder\plugins\mcufinder
2025-11-21 13:50:28,570 [INFO] DbBoardsJson:57 - Set database path to: C:\Users\Admin\.stmcufinder\plugins\mcufinder//mcu/
2025-11-21 13:50:28,570 [WARN] DbFile:35 - Overriding database path with different value: C:\Users\Admin\.stmcufinder\plugins\mcufinder/ => C:\Users\Admin\.stmcufinder\plugins\mcufinder
2025-11-21 13:50:28,570 [WARN] DbFile:35 - Overriding database path with different value: C:\Users\Admin\.stmcufinder\plugins\mcufinder/ => C:\Users\Admin\.stmcufinder\plugins\mcufinder
2025-11-21 13:50:28,570 [INFO] CrossReferenceDbSqlite:196 - Set database path to: C:\Users\Admin\.stmcufinder\plugins\mcufinder//mcu/cs/
2025-11-21 13:50:28,570 [WARN] DbFile:35 - Overriding database path with different value: C:\Users\Admin\.stmcufinder\plugins\mcufinder/ => C:\Users\Admin\.stmcufinder\plugins\mcufinder
2025-11-21 13:50:28,570 [INFO] DbExamplesSqlite:767 - Set database path to: C:\Users\Admin\.stmcufinder\plugins\mcufinder//mcu/
2025-11-21 13:50:28,625 [INFO] MainPanel:214 - HeapMemory: 945815552
2025-11-21 13:50:28,714 [INFO] DbMcusXml:74 - Set database path to: E:\STM32CubeIDE\STM32CubeIDE_1.7.0\STM32CubeIDE\plugins\com.st.stm32cube.common.mx_6.3.0.202107141111\\db\/mcu/
2025-11-21 13:50:28,714 [INFO] DbBoardsPdsc:56 - Set plugin database path to: E:\STM32CubeIDE\STM32CubeIDE_1.7.0\STM32CubeIDE\plugins\com.st.stm32cube.common.mx_6.3.0.202107141111\\db\/plugins/boardmanager/
2025-11-21 13:50:28,714 [INFO] DbMcus:258 - Set plugin images path to: E:\STM32CubeIDE\STM32CubeIDE_1.7.0\STM32CubeIDE\plugins\com.st.stm32cube.common.mx_6.3.0.202107141111\\db\/plugins/mcufinder/images/
2025-11-21 13:50:28,714 [INFO] DbBoards:264 - Set plugin images path to: E:\STM32CubeIDE\STM32CubeIDE_1.7.0\STM32CubeIDE\plugins\com.st.stm32cube.common.mx_6.3.0.202107141111\\db\/plugins/mcufinder/images/
2025-11-21 13:50:28,714 [INFO] DbExamples:333 - Set plugin images path to: E:\STM32CubeIDE\STM32CubeIDE_1.7.0\STM32CubeIDE\plugins\com.st.stm32cube.common.mx_6.3.0.202107141111\\db\/plugins/mcufinder/images/
2025-11-21 13:50:28,715 [WARN] DbFile:35 - Overriding database path with different value: C:\Users\Admin\.stmcufinder\plugins\mcufinder/ => C:\Users\Admin\.stmcufinder\plugins\mcufinder
2025-11-21 13:50:28,715 [INFO] DbMcusAds:119 - Set database path to: C:\Users\Admin\.stmcufinder\plugins\mcufinder//mcu/
2025-11-21 13:50:28,715 [WARN] DbFile:35 - Overriding database path with different value: C:\Users\Admin\.stmcufinder\plugins\mcufinder/ => C:\Users\Admin\.stmcufinder\plugins\mcufinder
2025-11-21 13:50:28,715 [INFO] DbMcusDocs:110 - Set database path to: C:\Users\Admin\.stmcufinder\plugins\mcufinder//mcu/
2025-11-21 13:50:28,715 [WARN] DbFile:35 - Overriding database path with different value: C:\Users\Admin\.stmcufinder\plugins\mcufinder/ => C:\Users\Admin\.stmcufinder\plugins\mcufinder
2025-11-21 13:50:28,715 [INFO] DbMcusJson:64 - Set database path to: C:\Users\Admin\.stmcufinder\plugins\mcufinder//mcu/
2025-11-21 13:50:28,715 [WARN] DbFile:35 - Overriding database path with different value: C:\Users\Admin\.stmcufinder\plugins\mcufinder/ => C:\Users\Admin\.stmcufinder\plugins\mcufinder
2025-11-21 13:50:28,715 [INFO] DbBoardsDocs:110 - Set database path to: C:\Users\Admin\.stmcufinder\plugins\mcufinder//mcu/
2025-11-21 13:50:28,716 [WARN] DbFile:35 - Overriding database path with different value: C:\Users\Admin\.stmcufinder\plugins\mcufinder/ => C:\Users\Admin\.stmcufinder\plugins\mcufinder
2025-11-21 13:50:28,716 [INFO] DbBoardsJson:57 - Set database path to: C:\Users\Admin\.stmcufinder\plugins\mcufinder//mcu/
2025-11-21 13:50:28,716 [WARN] DbFile:35 - Overriding database path with different value: C:\Users\Admin\.stmcufinder\plugins\mcufinder/ => C:\Users\Admin\.stmcufinder\plugins\mcufinder
2025-11-21 13:50:28,716 [WARN] DbFile:35 - Overriding database path with different value: C:\Users\Admin\.stmcufinder\plugins\mcufinder/ => C:\Users\Admin\.stmcufinder\plugins\mcufinder
2025-11-21 13:50:28,716 [INFO] CrossReferenceDbSqlite:196 - Set database path to: C:\Users\Admin\.stmcufinder\plugins\mcufinder//mcu/cs/
2025-11-21 13:50:28,716 [WARN] DbFile:35 - Overriding database path with different value: C:\Users\Admin\.stmcufinder\plugins\mcufinder/ => C:\Users\Admin\.stmcufinder\plugins\mcufinder
2025-11-21 13:50:28,716 [INFO] DbExamplesSqlite:767 - Set database path to: C:\Users\Admin\.stmcufinder\plugins\mcufinder//mcu/
2025-11-21 13:50:28,732 [INFO] ApplicationProperties:181 - Using Application install path: E:\STM32CubeIDE\STM32CubeIDE_1.7.0\STM32CubeIDE\plugins\com.st.stm32cube.common.mx_6.3.0.202107141111
2025-11-21 13:50:28,733 [INFO] PluginManage:188 - Search for loadable plugins [exclusion list=, ]
2025-11-21 13:50:28,734 [INFO] PluginManage:302 - Check plugin analytics
2025-11-21 13:50:28,834 [INFO] AnalyticsPlugin:257 - Accepted Software Licenses: 
2025-11-21 13:50:28,834 [INFO] AnalyticsPlugin:259 - Accepted CMSIS Pack Licenses: 
2025-11-21 13:50:28,834 [INFO] AnalyticsPlugin:261 - Accepted Firmware Licenses: 
2025-11-21 13:50:28,835 [INFO] PluginManage:352 - Loaded plugin analytics (category:tool,tabindex:-1)
2025-11-21 13:50:28,835 [INFO] PluginManage:302 - Check plugin clock
2025-11-21 13:50:28,855 [INFO] PluginManage:352 - Loaded plugin clock (category:base,tabindex:2)
2025-11-21 13:50:28,855 [INFO] PluginManage:302 - Check plugin ddr
2025-11-21 13:50:28,857 [INFO] PluginManage:352 - Loaded plugin ddr (category:tool,tabindex:6)
2025-11-21 13:50:28,857 [INFO] PluginManage:302 - Check plugin filemanager
2025-11-21 13:50:28,955 [INFO] PluginManage:352 - Loaded plugin filemanager (category:base,tabindex:10)
2025-11-21 13:50:28,955 [INFO] PluginManage:302 - Check plugin ipmanager
2025-11-21 13:50:28,961 [INFO] PluginManage:352 - Loaded plugin ipmanager (category:base,tabindex:5)
2025-11-21 13:50:28,961 [INFO] PluginManage:302 - Check plugin pinoutandconfiguration
2025-11-21 13:50:28,978 [INFO] PluginManage:352 - Loaded plugin pinoutandconfiguration (category:base,tabindex:1)
2025-11-21 13:50:28,978 [INFO] PluginManage:302 - Check plugin pinoutconfig
2025-11-21 13:50:29,009 [INFO] PluginManage:352 - Loaded plugin pinoutconfig (category:base,tabindex:0)
2025-11-21 13:50:29,009 [INFO] PluginManage:302 - Check plugin power
2025-11-21 13:50:29,031 [INFO] PluginManage:352 - Loaded plugin power (category:power,tabindex:4)
2025-11-21 13:50:29,032 [INFO] PluginManage:302 - Check plugin projectmanager
2025-11-21 13:50:29,042 [INFO] PluginManage:352 - Loaded plugin projectmanager (category:projectmanager,tabindex:3)
2025-11-21 13:50:29,043 [INFO] PluginManage:302 - Check plugin thirdparty
2025-11-21 13:50:29,235 [INFO] PluginManage:352 - Loaded plugin thirdparty (category:base,tabindex:-1)
2025-11-21 13:50:29,235 [INFO] PluginManage:302 - Check plugin tools
2025-11-21 13:50:29,235 [WARN] IntegrityCheckThread:78 - waiting for thirdparty lock release [integrity check]
2025-11-21 13:50:29,236 [INFO] IntegrityCheckThread:80 - entering critical section [integrity check]
2025-11-21 13:50:29,236 [INFO] ThirdPartyUpdaterWithRetryManager:66 - Updater plugin not ready yet. [1/15]
2025-11-21 13:50:29,298 [INFO] PluginManage:352 - Loaded plugin tools (category:base,tabindex:7)
2025-11-21 13:50:29,298 [INFO] PluginManage:302 - Check plugin tutovideos
2025-11-21 13:50:29,487 [INFO] PluginManage:352 - Loaded plugin tutovideos (category:base,tabindex:-1)
2025-11-21 13:50:29,487 [INFO] PluginManage:302 - Check plugin updater
2025-11-21 13:50:29,498 [INFO] PluginManage:352 - Loaded plugin updater (category:base,tabindex:12)
2025-11-21 13:50:29,499 [INFO] PluginManage:275 - PluginManage : Loaded plugins [13]
2025-11-21 13:50:29,629 [INFO] PinOutPanel:1463 - setPackage(No Configuration,No Configuration)
2025-11-21 13:50:29,703 [INFO] IPUIPlugin:74 - create IPUIPlugin
2025-11-21 13:50:29,704 [INFO] PluginManager:213 - loadIPPluginJar : add adc
2025-11-21 13:50:29,748 [INFO] IPUIPlugin:74 - create IPUIPlugin
2025-11-21 13:50:29,748 [INFO] PluginManager:213 - loadIPPluginJar : add aes
2025-11-21 13:50:29,794 [INFO] IPUIPlugin:74 - create IPUIPlugin
2025-11-21 13:50:29,795 [INFO] PluginManager:213 - loadIPPluginJar : add can
2025-11-21 13:50:29,828 [INFO] IPUIPlugin:74 - create IPUIPlugin
2025-11-21 13:50:29,828 [INFO] PluginManager:213 - loadIPPluginJar : add comp
2025-11-21 13:50:29,869 [INFO] IPUIPlugin:74 - create IPUIPlugin
2025-11-21 13:50:29,869 [INFO] PluginManager:213 - loadIPPluginJar : add cryp
2025-11-21 13:50:29,912 [INFO] IPUIPlugin:74 - create IPUIPlugin
2025-11-21 13:50:29,912 [INFO] PluginManager:213 - loadIPPluginJar : add dfsdm
2025-11-21 13:50:29,926 [INFO] IPUIPlugin:74 - create IPUIPlugin
2025-11-21 13:50:29,926 [INFO] PluginManager:213 - loadIPPluginJar : add dma
2025-11-21 13:50:29,980 [INFO] IPUIPlugin:74 - create IPUIPlugin
2025-11-21 13:50:29,980 [INFO] PluginManager:213 - loadIPPluginJar : add dma3
2025-11-21 13:50:30,013 [INFO] IPUIPlugin:74 - create IPUIPlugin
2025-11-21 13:50:30,014 [INFO] PluginManager:213 - loadIPPluginJar : add fatfs
2025-11-21 13:50:30,072 [INFO] IPUIPlugin:74 - create IPUIPlugin
2025-11-21 13:50:30,072 [INFO] PluginManager:213 - loadIPPluginJar : add fmc
2025-11-21 13:50:30,087 [INFO] IPUIPlugin:74 - create IPUIPlugin
2025-11-21 13:50:30,087 [INFO] PluginManager:213 - loadIPPluginJar : add freertos
2025-11-21 13:50:30,119 [INFO] IPUIPlugin:74 - create IPUIPlugin
2025-11-21 13:50:30,119 [INFO] PluginManager:213 - loadIPPluginJar : add genericplugin
2025-11-21 13:50:30,209 [INFO] IPUIPlugin:74 - create IPUIPlugin
2025-11-21 13:50:30,209 [INFO] PluginManager:213 - loadIPPluginJar : add gfxmmu
2025-11-21 13:50:30,335 [INFO] IPUIPlugin:74 - create IPUIPlugin
2025-11-21 13:50:30,335 [INFO] PluginManager:213 - loadIPPluginJar : add gic
2025-11-21 13:50:30,348 [INFO] IPUIPlugin:74 - create IPUIPlugin
2025-11-21 13:50:30,348 [INFO] PluginManager:213 - loadIPPluginJar : add gpio
2025-11-21 13:50:30,434 [INFO] IPUIPlugin:74 - create IPUIPlugin
2025-11-21 13:50:30,434 [INFO] PluginManager:213 - loadIPPluginJar : add gtzc
2025-11-21 13:50:30,475 [INFO] IPUIPlugin:74 - create IPUIPlugin
2025-11-21 13:50:30,475 [INFO] PluginManager:213 - loadIPPluginJar : add hash
2025-11-21 13:50:30,542 [INFO] IPUIPlugin:74 - create IPUIPlugin
2025-11-21 13:50:30,542 [INFO] PluginManager:213 - loadIPPluginJar : add i2c
2025-11-21 13:50:30,598 [INFO] IPUIPlugin:74 - create IPUIPlugin
2025-11-21 13:50:30,598 [INFO] PluginManager:213 - loadIPPluginJar : add i2s
2025-11-21 13:50:30,609 [INFO] IPUIPlugin:74 - create IPUIPlugin
2025-11-21 13:50:30,610 [INFO] PluginManager:213 - loadIPPluginJar : add ipddr
2025-11-21 13:50:30,702 [INFO] IPUIPlugin:74 - create IPUIPlugin
2025-11-21 13:50:30,702 [INFO] PluginManager:213 - loadIPPluginJar : add linkedlist
2025-11-21 13:50:30,750 [INFO] IPUIPlugin:74 - create IPUIPlugin
2025-11-21 13:50:30,750 [INFO] PluginManager:213 - loadIPPluginJar : add lorawan
2025-11-21 13:50:30,797 [INFO] IPUIPlugin:74 - create IPUIPlugin
2025-11-21 13:50:30,797 [INFO] PluginManager:213 - loadIPPluginJar : add ltdc
2025-11-21 13:50:30,809 [INFO] IPUIPlugin:74 - create IPUIPlugin
2025-11-21 13:50:30,809 [INFO] PluginManager:213 - loadIPPluginJar : add mdma
2025-11-21 13:50:30,820 [INFO] IPUIPlugin:74 - create IPUIPlugin
2025-11-21 13:50:30,820 [INFO] PluginManager:213 - loadIPPluginJar : add nvic
2025-11-21 13:50:30,872 [INFO] IPUIPlugin:74 - create IPUIPlugin
2025-11-21 13:50:30,872 [INFO] PluginManager:213 - loadIPPluginJar : add opamp
2025-11-21 13:50:30,949 [INFO] IPUIPlugin:74 - create IPUIPlugin
2025-11-21 13:50:30,949 [INFO] PluginManager:213 - loadIPPluginJar : add openamp
2025-11-21 13:50:31,043 [INFO] IPUIPlugin:74 - create IPUIPlugin
2025-11-21 13:50:31,044 [INFO] PluginManager:213 - loadIPPluginJar : add pdm2pcm
2025-11-21 13:50:31,063 [INFO] IPUIPlugin:74 - create IPUIPlugin
2025-11-21 13:50:31,065 [INFO] PluginManager:213 - loadIPPluginJar : add plateformsettings
2025-11-21 13:50:31,127 [INFO] IPUIPlugin:74 - create IPUIPlugin
2025-11-21 13:50:31,127 [INFO] PluginManager:213 - loadIPPluginJar : add quadspi
2025-11-21 13:50:31,143 [INFO] IPUIPlugin:74 - create IPUIPlugin
2025-11-21 13:50:31,143 [INFO] PluginManager:213 - loadIPPluginJar : add resmgrutility
2025-11-21 13:50:31,210 [INFO] IPUIPlugin:74 - create IPUIPlugin
2025-11-21 13:50:31,211 [INFO] PluginManager:213 - loadIPPluginJar : add sai
2025-11-21 13:50:31,259 [INFO] IPUIPlugin:74 - create IPUIPlugin
2025-11-21 13:50:31,259 [INFO] PluginManager:213 - loadIPPluginJar : add spi
2025-11-21 13:50:31,322 [INFO] IPUIPlugin:74 - create IPUIPlugin
2025-11-21 13:50:31,322 [INFO] PluginManager:213 - loadIPPluginJar : add stm32_wpan
2025-11-21 13:50:31,360 [INFO] IPUIPlugin:74 - create IPUIPlugin
2025-11-21 13:50:31,360 [INFO] PluginManager:213 - loadIPPluginJar : add tim
2025-11-21 13:50:31,427 [INFO] IPUIPlugin:74 - create IPUIPlugin
2025-11-21 13:50:31,428 [INFO] PluginManager:213 - loadIPPluginJar : add touchsensing
2025-11-21 13:50:31,465 [INFO] IPUIPlugin:74 - create IPUIPlugin
2025-11-21 13:50:31,465 [INFO] PluginManager:213 - loadIPPluginJar : add tracer_emb
2025-11-21 13:50:31,504 [INFO] IPUIPlugin:74 - create IPUIPlugin
2025-11-21 13:50:31,505 [INFO] PluginManager:213 - loadIPPluginJar : add ts
2025-11-21 13:50:31,541 [INFO] IPUIPlugin:74 - create IPUIPlugin
2025-11-21 13:50:31,541 [INFO] PluginManager:213 - loadIPPluginJar : add tsc
2025-11-21 13:50:31,574 [INFO] IPUIPlugin:74 - create IPUIPlugin
2025-11-21 13:50:31,575 [INFO] PluginManager:213 - loadIPPluginJar : add ucpd
2025-11-21 13:50:31,626 [INFO] IPUIPlugin:74 - create IPUIPlugin
2025-11-21 13:50:31,626 [INFO] PluginManager:213 - loadIPPluginJar : add usart
2025-11-21 13:50:31,671 [INFO] IPUIPlugin:74 - create IPUIPlugin
2025-11-21 13:50:31,672 [INFO] PluginManager:213 - loadIPPluginJar : add usbx
2025-11-21 13:50:31,918 [FATAL] Updater:294 - Updater called before beeing initialized
2025-11-21 13:50:31,995 [FATAL] Updater:294 - Updater called before beeing initialized
2025-11-21 13:50:32,006 [INFO] DbMcusAds:47 - JSON generation date=Mon Nov 10 17:43:01 ICT 2025 (1762771381096)
2025-11-21 13:50:32,006 [FATAL] Updater:294 - Updater called before beeing initialized
2025-11-21 13:50:32,084 [WARN] DetailPanel:314 - Failed to get advertising image, set to default
2025-11-21 13:50:32,148 [FATAL] Updater:294 - Updater called before beeing initialized
2025-11-21 13:50:32,150 [FATAL] Updater:294 - Updater called before beeing initialized
2025-11-21 13:50:32,150 [FATAL] Updater:294 - Updater called before beeing initialized
2025-11-21 13:50:32,150 [WARN] DetailPanel:314 - Failed to get advertising image, set to default
2025-11-21 13:50:32,151 [FATAL] Updater:294 - Updater called before beeing initialized
2025-11-21 13:50:32,210 [ERROR] Updater:1075 - MainUpdater not yet initialized. External WinMGr cannot be set.
2025-11-21 13:50:32,222 [INFO] Updater:1012 - Updater Version found : 6.3.0
2025-11-21 13:50:32,241 [INFO] ApplicationProperties:181 - Using Application install path: E:\STM32CubeIDE\STM32CubeIDE_1.7.0\STM32CubeIDE\plugins\com.st.stm32cube.common.mx_6.3.0.202107141111
2025-11-21 13:50:32,246 [INFO] ThirdPartyUpdaterWithRetryManager:66 - Updater plugin not ready yet. [2/15]
2025-11-21 13:50:32,473 [INFO] MainUpdater:2671 - connection check result : 10
2025-11-21 13:50:32,473 [INFO] MainUpdater:265 - Updater Check For Update Now.
2025-11-21 13:50:32,474 [INFO] MicroXplorer:478 - Change Database Version : DB.6.0.30
2025-11-21 13:50:32,658 [INFO] CheckServerUpdateThread:112 - End of CheckServer Thread
2025-11-21 13:50:32,718 [INFO] MainUpdater:2671 - connection check result : 10
2025-11-21 13:50:32,742 [INFO] McuFinderGlobals:52 - Set McuFinderConnectedMode to true
2025-11-21 13:50:32,855 [INFO] ServerAccessManage:362 - Download File mcusAds.json._tmp_
2025-11-21 13:50:32,961 [INFO] LoadUrlFilesThread:145 - End of LoadUrlFiles Thread
2025-11-21 13:50:33,928 [INFO] ServerAccessManage:362 - Download File mcusDocs.json._tmp_
2025-11-21 13:50:35,121 [INFO] LoadUrlFilesThread:145 - End of LoadUrlFiles Thread
2025-11-21 13:50:35,261 [WARN] MainUpdater:1122 - Updater busy. Cannot search thirdparties
2025-11-21 13:50:35,261 [INFO] ThirdPartyUpdaterWithRetryManager:92 - Updater plugin is busy. [1/15]
2025-11-21 13:50:35,296 [INFO] ServerAccessManage:362 - Download File mcusFeaturesAndDescription.json._tmp_
2025-11-21 13:50:36,419 [INFO] LoadUrlFilesThread:145 - End of LoadUrlFiles Thread
2025-11-21 13:50:36,620 [INFO] ServerAccessManage:362 - Download File boardsDocs.json._tmp_
2025-11-21 13:50:36,733 [INFO] LoadUrlFilesThread:145 - End of LoadUrlFiles Thread
2025-11-21 13:50:36,892 [INFO] ServerAccessManage:362 - Download File boards.json._tmp_
2025-11-21 13:50:37,138 [INFO] LoadUrlFilesThread:145 - End of LoadUrlFiles Thread
2025-11-21 13:50:37,211 [INFO] ServerAccessManage:362 - Download File cube-finder-db.zip
2025-11-21 13:50:38,265 [WARN] MainUpdater:1122 - Updater busy. Cannot search thirdparties
2025-11-21 13:50:38,265 [INFO] ThirdPartyUpdaterWithRetryManager:92 - Updater plugin is busy. [2/15]
2025-11-21 13:50:41,279 [WARN] MainUpdater:1122 - Updater busy. Cannot search thirdparties
2025-11-21 13:50:41,279 [INFO] ThirdPartyUpdaterWithRetryManager:92 - Updater plugin is busy. [3/15]
2025-11-21 13:50:42,076 [INFO] FileExtend:235 - Unzip File : cube-finder-db.zip
2025-11-21 13:50:42,077 [INFO] FileExtend:250 - Standard Zip Deflate
2025-11-21 13:50:42,980 [INFO] LoadUrlFilesThread:145 - End of LoadUrlFiles Thread
2025-11-21 13:50:43,984 [INFO] ServerAccessManage:362 - Download File crdb.zip
2025-11-21 13:50:44,283 [WARN] MainUpdater:1122 - Updater busy. Cannot search thirdparties
2025-11-21 13:50:44,283 [INFO] ThirdPartyUpdaterWithRetryManager:92 - Updater plugin is busy. [4/15]
2025-11-21 13:50:45,315 [INFO] FileExtend:235 - Unzip File : crdb.zip
2025-11-21 13:50:45,315 [INFO] FileExtend:250 - Standard Zip Deflate
2025-11-21 13:50:45,464 [INFO] LoadUrlFilesThread:145 - End of LoadUrlFiles Thread
2025-11-21 13:50:45,539 [INFO] ServerAccessManage:362 - Download File tutoVideoDB.zip
2025-11-21 13:50:45,555 [INFO] FileExtend:235 - Unzip File : tutoVideoDB.zip
2025-11-21 13:50:45,556 [INFO] FileExtend:250 - Standard Zip Deflate
2025-11-21 13:50:45,687 [INFO] LoadUrlFilesThread:145 - End of LoadUrlFiles Thread
2025-11-21 13:50:45,688 [INFO] DbMcusAds:47 - JSON generation date=Mon Nov 10 17:43:01 ICT 2025 (1762771381118)
2025-11-21 13:50:45,698 [INFO] DbMcusDocs:143 - JSON generation date=Tue Nov 16 23:17:54 ICT 2021 (1637079474)
2025-11-21 13:50:45,698 [INFO] DbMcusXml:100 - Load MCU database from E:\STM32CubeIDE\STM32CubeIDE_1.7.0\STM32CubeIDE\plugins\com.st.stm32cube.common.mx_6.3.0.202107141111\\db\/mcu/families.xml
2025-11-21 13:50:46,313 [INFO] DbMcusJson:93 - JSON generation date=Tue Nov 16 23:17:54 ICT 2021 (1637079474)
2025-11-21 13:50:46,817 [INFO] DbMcus:175 - Found 1951 MCUs (1903 are supported by CubeMX, 1914 are visible in CubeMX)
2025-11-21 13:50:46,820 [INFO] ApiDb:251 - Load user favorites file C:\Users\Admin/.stm32cubeide/favorites.mcus.txt: 0 item(s)
2025-11-21 13:50:46,820 [INFO] ApiDb:255 - User favorites MCUs=[]
2025-11-21 13:50:46,820 [INFO] DbMcus:187 - Set 0 / 0 favorites MCUs
2025-11-21 13:50:47,075 [INFO] DbMcusDocs:79 - Found 682 MCUs documents
2025-11-21 13:50:47,077 [INFO] ApiDb:276 - Save user favorites file C:\Users\Admin/.stm32cubeide/favorites.mcus.txt: 0 item(s)
2025-11-21 13:50:47,077 [INFO] ApiDb:280 - User favorites MCUs=[]
2025-11-21 13:50:47,077 [INFO] DbMcusXml:100 - Load MCU database from E:\STM32CubeIDE\STM32CubeIDE_1.7.0\STM32CubeIDE\plugins\com.st.stm32cube.common.mx_6.3.0.202107141111\\db\/mcu/families.xml
2025-11-21 13:50:47,873 [ERROR] Engine:463 - C:\Users\Admin\.stm32cubemx\thirdparties\pdsc\STMicroelectronics.FP-SNS-MOTENVWB1.1.4.0.pdsc: PDSC version is not supported
2025-11-21 13:50:47,906 [WARN] PackLoader:238 - Cannot read IP mode file for STMicroelectronics.FP-ATR-ASTRA1.2.0.2
2025-11-21 13:50:47,919 [WARN] PackLoader:238 - Cannot read IP mode file for STMicroelectronics.FP-ATR-ASTRA1.2.0.1
2025-11-21 13:50:47,934 [ERROR] Engine:463 - C:\Users\Admin\.stm32cubemx\thirdparties\pdsc\STMicroelectronics.X-CUBE-SMBUS.2.1.0.pdsc: PDSC version is not supported
2025-11-21 13:50:47,982 [WARN] PackLoader:238 - Cannot read IP mode file for STMicroelectronics.X-CUBE-WB05N.1.1.0
2025-11-21 13:50:47,995 [ERROR] Engine:463 - C:\Users\Admin\.stm32cubemx\thirdparties\pdsc\STMicroelectronics.X-CUBE-ST60.1.0.0.pdsc: PDSC version is not supported
2025-11-21 13:50:48,025 [INFO] DbMcusJson:93 - JSON generation date=Tue Nov 16 23:17:54 ICT 2021 (1637079474)
2025-11-21 13:50:48,034 [WARN] PackLoader:238 - Cannot read IP mode file for STMicroelectronics.X-CUBE-AZRTOS-F7.1.1.0
2025-11-21 13:50:48,130 [WARN] PackLoader:238 - Cannot read IP mode file for STMicroelectronics.X-CUBE-MEMS1.11.0.0
2025-11-21 13:50:48,319 [ERROR] Engine:463 - C:\Users\Admin\.stm32cubemx\thirdparties\pdsc\STMicroelectronics.FP-SNS-MOTENV1.5.1.0.pdsc: PDSC version is not supported
2025-11-21 13:50:48,332 [ERROR] Engine:463 - C:\Users\Admin\.stm32cubemx\thirdparties\pdsc\STMicroelectronics.FP-SNS-FLIGHT1.5.0.2.pdsc: PDSC version is not supported
2025-11-21 13:50:48,374 [WARN] PackLoader:238 - Cannot read IP mode file for STMicroelectronics.X-CUBE-AZRTOS-H7.3.4.0
2025-11-21 13:50:48,392 [ERROR] Engine:463 - C:\Users\Admin\.stm32cubemx\thirdparties\pdsc\STMicroelectronics.X-CUBE-DISPLAY.3.0.0.pdsc: PDSC version is not supported
2025-11-21 13:50:48,412 [WARN] PackLoader:238 - Cannot read IP mode file for STMicroelectronics.X-CUBE-BLE1.7.0.0
2025-11-21 13:50:48,430 [WARN] PackLoader:238 - Cannot read IP mode file for STMicroelectronics.X-CUBE-NFC10.1.0.0
2025-11-21 13:50:48,448 [ERROR] Engine:463 - C:\Users\Admin\.stm32cubemx\thirdparties\pdsc\STMicroelectronics.X-CUBE-BLEMGR.4.0.0.pdsc: PDSC version is not supported
2025-11-21 13:50:48,462 [ERROR] Engine:463 - C:\Users\Admin\.stm32cubemx\thirdparties\pdsc\STMicroelectronics.X-CUBE-ST60.1.1.0.pdsc: PDSC version is not supported
2025-11-21 13:50:48,482 [ERROR] Engine:463 - C:\Users\Admin\.stm32cubemx\thirdparties\pdsc\emotas.I-CUBE-CANOPEN.1.3.0.pdsc: PDSC version is not supported
2025-11-21 13:50:48,497 [WARN] PackLoader:238 - Cannot read IP mode file for STMicroelectronics.X-CUBE-GNSS1.7.1.0
2025-11-21 13:50:48,513 [ERROR] Engine:463 - C:\Users\Admin\.stm32cubemx\thirdparties\pdsc\STMicroelectronics.X-CUBE-BLEMGR.3.1.0.pdsc: PDSC version is not supported
2025-11-21 13:50:48,530 [WARN] PackLoader:238 - Cannot read IP mode file for STMicroelectronics.X-CUBE-AI.10.0.0
2025-11-21 13:50:48,542 [INFO] DbMcus:175 - Found 1951 MCUs (1903 are supported by CubeMX, 1914 are visible in CubeMX)
2025-11-21 13:50:48,542 [INFO] ApiDb:251 - Load user favorites file C:\Users\Admin/.stm32cubeide/favorites.mcus.txt: 0 item(s)
2025-11-21 13:50:48,542 [INFO] ApiDb:255 - User favorites MCUs=[]
2025-11-21 13:50:48,542 [INFO] DbMcus:187 - Set 0 / 0 favorites MCUs
2025-11-21 13:50:48,543 [ERROR] Engine:463 - C:\Users\Admin\.stm32cubemx\thirdparties\pdsc\STMicroelectronics.FP-SNS-STBOX1.2.1.0.pdsc: PDSC version is not supported
2025-11-21 13:50:48,548 [INFO] DbBoardsDocs:143 - JSON generation date=Tue Nov 16 23:17:54 ICT 2021 (1637079474)
2025-11-21 13:50:48,555 [ERROR] Engine:463 - C:\Users\Admin\.stm32cubemx\thirdparties\pdsc\STMicroelectronics.FP-SNS-SMARTAG2.1.2.0.pdsc: PDSC version is not supported
2025-11-21 13:50:48,566 [ERROR] Engine:463 - C:\Users\Admin\.stm32cubemx\thirdparties\pdsc\STMicroelectronics.FP-SNS-FLIGHT1.5.1.0.pdsc: PDSC version is not supported
2025-11-21 13:50:48,567 [INFO] DbBoardsPdsc:90 - Found 25 items
2025-11-21 13:50:48,580 [INFO] DbBoardsPdsc:90 - Found 9 items
2025-11-21 13:50:48,585 [INFO] LogOutputStream:76 - [STDOUT_REDIRECT] 1 : Invalid condition id : UX_CORESTACK_Condition cause : null
2025-11-21 13:50:48,585 [INFO] LogOutputStream:76 - [STDOUT_REDIRECT] 1 : Invalid condition id : UX_CORESTACK_Condition cause : null
2025-11-21 13:50:48,586 [INFO] LogOutputStream:76 - [STDOUT_REDIRECT] 1 : Invalid condition id : UX_CORESTACK_Condition cause : null
2025-11-21 13:50:48,586 [INFO] LogOutputStream:76 - [STDOUT_REDIRECT] 1 : Invalid condition id : UX_CORESTACK_Condition cause : null
2025-11-21 13:50:48,587 [INFO] LogOutputStream:76 - [STDOUT_REDIRECT] 1 : Invalid condition id : UX_CORESTACK_Condition cause : null
2025-11-21 13:50:48,589 [WARN] PackLoader:238 - Cannot read IP mode file for STMicroelectronics.X-CUBE-AZRTOS-WL.2.0.0
2025-11-21 13:50:48,598 [INFO] DbBoardsPdsc:90 - Found 33 items
2025-11-21 13:50:48,603 [ERROR] Engine:463 - C:\Users\Admin\.stm32cubemx\thirdparties\pdsc\STMicroelectronics.FP-SNS-MOTENV1.5.0.0.pdsc: PDSC version is not supported
2025-11-21 13:50:48,612 [INFO] DbBoardsPdsc:90 - Found 1 items
2025-11-21 13:50:48,615 [WARN] PackLoader:238 - Cannot read IP mode file for wolfSSL.I-CUBE-wolfMQTT.1.19.0
2025-11-21 13:50:48,630 [WARN] PackLoader:238 - Cannot read IP mode file for WES.I-CUBE-Cesium.1.3.0
2025-11-21 13:50:48,630 [INFO] DbBoardsPdsc:90 - Found 48 items
2025-11-21 13:50:48,642 [WARN] PackLoader:238 - Cannot read IP mode file for STMicroelectronics.X-CUBE-BLE2.3.3.0
2025-11-21 13:50:48,646 [INFO] DbBoardsPdsc:90 - Found 43 items
2025-11-21 13:50:48,653 [ERROR] Engine:463 - C:\Users\Admin\.stm32cubemx\thirdparties\pdsc\Avnet-IOTCONNECT.X-CUBE-iotc-st67-sdk.1.0.0.pdsc: PDSC version is not supported
2025-11-21 13:50:48,659 [INFO] DbBoardsPdsc:90 - Found 2 items
2025-11-21 13:50:48,668 [WARN] PackLoader:238 - Cannot read IP mode file for STMicroelectronics.X-CUBE-NFC9.1.0.0
2025-11-21 13:50:48,673 [INFO] DbBoardsPdsc:90 - Found 5 items
2025-11-21 13:50:48,677 [WARN] DbBoardsPdsc:254 - Board STM32H7B3I-DK: unknown feature type=Audio, name=, username=Audio stereo codec with Headphone Amp (CS42L51-CNZ), n=1
2025-11-21 13:50:48,678 [WARN] DbBoardsPdsc:254 - Board STM32H735G-DK: unknown feature type=Audio, name=, username=Audio stereo codec with Headphone Amp (WM8994ECS/R), n=1
2025-11-21 13:50:48,679 [WARN] DbBoardsPdsc:254 - Board STM32H7B3I-EVAL: unknown feature type=Audio, name=, username=Multi-Channel Audio Codec (CS42L51-CNZ), n=1
2025-11-21 13:50:48,679 [WARN] DbBoardsPdsc:254 - Board STM32H7B3I-EVAL: unknown feature type=Meter, name=, username=Power-metering and Temperature-monitoring with sigma-delta modulators, n=1
2025-11-21 13:50:48,679 [WARN] DbBoardsPdsc:254 - Board STM32H7B3I-EVAL: unknown feature type=Motor, name=, username=Motor Control, n=1
2025-11-21 13:50:48,680 [WARN] DbBoardsPdsc:254 - Board STM32U575I-EV: unknown feature type=joystick, name=, username=4-direction joystick with selection button, n=1
2025-11-21 13:50:48,692 [WARN] PackLoader:238 - Cannot read IP mode file for STMicroelectronics.X-CUBE-BLE1.7.1.0
2025-11-21 13:50:48,705 [INFO] DbBoardsJson:86 - JSON generation date=Tue Nov 16 23:17:54 ICT 2021 (1637079474)
2025-11-21 13:50:48,712 [ERROR] Engine:463 - C:\Users\Admin\.stm32cubemx\thirdparties\pdsc\STMicroelectronics.X-CUBE-TCPP.4.1.0.pdsc: PDSC version is not supported
2025-11-21 13:50:48,713 [INFO] DbBoards:117 - Found 167 boards (163 are supported by CubeMX)
2025-11-21 13:50:48,715 [INFO] DbBoardsDocs:143 - JSON generation date=Tue Nov 16 23:17:54 ICT 2021 (1637079474)
2025-11-21 13:50:48,719 [INFO] DbBoardsDocs:79 - Found 209 boards documents
2025-11-21 13:50:48,721 [WARN] DbBoards:127 - board B-L475E-IOT01A2 has no document id list !
2025-11-21 13:50:48,723 [WARN] DbBoards:127 - board NUCLEO-H743ZI has no document id list !
2025-11-21 13:50:48,724 [WARN] DbBoards:127 - board NUCLEO-WL55JC2 has no document id list !
2025-11-21 13:50:48,724 [WARN] DbBoards:127 - board P-NUCLEO-WB55-Nucleo has no document id list !
2025-11-21 13:50:48,724 [WARN] DbBoards:127 - board P-NUCLEO-WB55-USBDongle has no document id list !
2025-11-21 13:50:48,725 [WARN] DbBoards:127 - board STEVAL-BFA001V1B has no document id list !
2025-11-21 13:50:48,725 [WARN] DbBoards:127 - board STEVAL-BFA001V2B has no document id list !
2025-11-21 13:50:48,725 [WARN] DbBoards:127 - board STEVAL-IDP005V1 has no document id list !
2025-11-21 13:50:48,725 [WARN] DbBoards:127 - board STEVAL-IDP005V2 has no document id list !
2025-11-21 13:50:48,725 [WARN] DbBoards:127 - board STEVAL-MKSBOX1V1 has no document id list !
2025-11-21 13:50:48,725 [WARN] DbBoards:127 - board STEVAL-STWINKT1 has no document id list !
2025-11-21 13:50:48,725 [WARN] DbBoards:127 - board STEVAL-STWINKT1B has no document id list !
2025-11-21 13:50:48,725 [WARN] DbBoards:127 - board STM32439I-EVAL2 has no document id list !
2025-11-21 13:50:48,726 [WARN] DbBoards:127 - board STM32F401C-DISCO has no document id list !
2025-11-21 13:50:48,727 [WARN] DbBoards:127 - board STM32F769I-DISC1 has no document id list !
2025-11-21 13:50:48,727 [WARN] DbBoards:127 - board STM32G474E-EVAL1 has no document id list !
2025-11-21 13:50:48,728 [WARN] DbBoards:127 - board STM32H743I-EVAL2 has no document id list !
2025-11-21 13:50:48,728 [WARN] DbBoards:127 - board STM32H747I-DISC1 has no document id list !
2025-11-21 13:50:48,728 [WARN] DbBoards:127 - board STM32H753I-EVAL2 has no document id list !
2025-11-21 13:50:48,728 [WARN] DbBoards:127 - board STM32L-DISCOVERY has no document id list !
2025-11-21 13:50:48,739 [WARN] PackLoader:238 - Cannot read IP mode file for STMicroelectronics.X-CUBE-EEPRMA1.5.2.0
2025-11-21 13:50:48,760 [ERROR] Engine:463 - C:\Users\Admin\.stm32cubemx\thirdparties\pdsc\STMicroelectronics.X-CUBE-ST67W61.1.1.0.pdsc: PDSC version is not supported
2025-11-21 13:50:48,845 [WARN] PackLoader:238 - Cannot read IP mode file for STMicroelectronics.X-CUBE-MEMS1.11.2.0
2025-11-21 13:50:48,953 [ERROR] DbBoards:189 - Image file not found for board B-U585I-IOT02A: E:\STM32CubeIDE\STM32CubeIDE_1.7.0\STM32CubeIDE\plugins\com.st.stm32cube.common.mx_6.3.0.202107141111\\db\/plugins/mcufinder/images/boards/B-U585I-IOT02A_small.jpg
2025-11-21 13:50:49,070 [WARN] PackLoader:238 - Cannot read IP mode file for STMicroelectronics.X-CUBE-AZRTOS-G0.1.1.0
2025-11-21 13:50:49,089 [WARN] PackLoader:238 - Cannot read IP mode file for STMicroelectronics.X-CUBE-SAFEA1.1.2.2
2025-11-21 13:50:49,099 [ERROR] DbBoards:189 - Image file not found for board NUCLEO-F413ZH: E:\STM32CubeIDE\STM32CubeIDE_1.7.0\STM32CubeIDE\plugins\com.st.stm32cube.common.mx_6.3.0.202107141111\\db\/plugins/mcufinder/images/boards/nucleo-f413zh_small.jpg
2025-11-21 13:50:49,108 [WARN] PackLoader:238 - Cannot read IP mode file for STMicroelectronics.X-CUBE-NFC4.3.0.0
2025-11-21 13:50:49,124 [ERROR] Engine:463 - C:\Users\Admin\.stm32cubemx\thirdparties\pdsc\EmbeddedOffice.I-CUBE-FS-RTOS.1.0.1.pdsc: PDSC version is not supported
2025-11-21 13:50:49,140 [WARN] PackLoader:238 - Cannot read IP mode file for STMicroelectronics.X-CUBE-WB05N.2.0.0
2025-11-21 13:50:49,157 [ERROR] Engine:463 - C:\Users\Admin\.stm32cubemx\thirdparties\pdsc\STMicroelectronics.X-CUBE-TCPP.4.2.0.pdsc: PDSC version is not supported
2025-11-21 13:50:49,173 [ERROR] Engine:463 - C:\Users\Admin\.stm32cubemx\thirdparties\pdsc\RealThread.X-CUBE-RT-Thread_Nano.4.1.1.pdsc: PDSC version is not supported
2025-11-21 13:50:49,193 [WARN] PackLoader:238 - Cannot read IP mode file for STMicroelectronics.FP-ATR-SIGFOX1.3.2.0
2025-11-21 13:50:49,208 [WARN] PackLoader:238 - Cannot read IP mode file for wolfSSL.I-CUBE-wolfSSL.5.7.2
2025-11-21 13:50:49,221 [ERROR] Engine:463 - C:\Users\Admin\.stm32cubemx\thirdparties\pdsc\quantropi.X-CUBE-qispace-sdk-base.1.9.3.pdsc: PDSC version is not supported
2025-11-21 13:50:49,236 [WARN] PackLoader:238 - Cannot read IP mode file for STMicroelectronics.X-CUBE-EEPRMA1.5.1.0
2025-11-21 13:50:49,253 [ERROR] Engine:463 - C:\Users\Admin\.stm32cubemx\thirdparties\pdsc\ITTIA_DB.I-CUBE-ITTIADB.8.9.0.pdsc: PDSC version is not supported
2025-11-21 13:50:49,269 [ERROR] Engine:463 - C:\Users\Admin\.stm32cubemx\thirdparties\pdsc\STMicroelectronics.X-CUBE-ST67W61.1.0.0.pdsc: PDSC version is not supported
2025-11-21 13:50:49,273 [ERROR] DbBoards:189 - Image file not found for board NUCLEO-L552ZE-Q: E:\STM32CubeIDE\STM32CubeIDE_1.7.0\STM32CubeIDE\plugins\com.st.stm32cube.common.mx_6.3.0.202107141111\\db\/plugins/mcufinder/images/boards/nucleo_l552ze_q_small.jpg
2025-11-21 13:50:49,273 [ERROR] DbBoards:189 - Image file not found for board NUCLEO-U575ZI-Q: E:\STM32CubeIDE\STM32CubeIDE_1.7.0\STM32CubeIDE\plugins\com.st.stm32cube.common.mx_6.3.0.202107141111\\db\/plugins/mcufinder/images/boards/nucleo-u575zi-q_small.jpg
2025-11-21 13:50:49,273 [ERROR] DbBoards:189 - Image file not found for board NUCLEO-WB15CC: E:\STM32CubeIDE\STM32CubeIDE_1.7.0\STM32CubeIDE\plugins\com.st.stm32cube.common.mx_6.3.0.202107141111\\db\/plugins/mcufinder/images/boards/nucleo-wb15cc_small.jpg
2025-11-21 13:50:49,273 [ERROR] DbBoards:189 - Image file not found for board NUCLEO-WB55RG: E:\STM32CubeIDE\STM32CubeIDE_1.7.0\STM32CubeIDE\plugins\com.st.stm32cube.common.mx_6.3.0.202107141111\\db\/plugins/mcufinder/images/boards/nucleo-wb55rg_small.jpg
2025-11-21 13:50:49,284 [WARN] PackLoader:238 - Cannot read IP mode file for STMicroelectronics.X-CUBE-AI.10.2.0
2025-11-21 13:50:49,328 [WARN] PackLoader:238 - Cannot read IP mode file for SEGGER.I-CUBE-embOS.1.3.1
2025-11-21 13:50:49,380 [WARN] PackLoader:238 - Cannot read IP mode file for STMicroelectronics.X-CUBE-ALGOBUILD.1.4.0
2025-11-21 13:50:49,454 [WARN] PackLoader:238 - Cannot read IP mode file for STMicroelectronics.X-CUBE-MEMS1.11.3.0
2025-11-21 13:50:50,023 [WARN] PackLoader:238 - Cannot read IP mode file for STMicroelectronics.X-CUBE-AI.9.1.0
2025-11-21 13:50:50,047 [WARN] PackLoader:238 - Cannot read IP mode file for STMicroelectronics.X-CUBE-PM33A1.1.0.0
2025-11-21 13:50:50,096 [WARN] PackLoader:238 - Cannot read IP mode file for STMicroelectronics.X-CUBE-AZRTOS-F4.1.1.0
2025-11-21 13:50:50,125 [ERROR] Engine:463 - C:\Users\Admin\.stm32cubemx\thirdparties\pdsc\Avnet-IotConnect.X-CUBE-IoTC-DA16k-PMOD.1.0.0.pdsc: PDSC version is not supported
2025-11-21 13:50:50,148 [WARN] PackLoader:238 - Cannot read IP mode file for STMicroelectronics.X-CUBE-ISPU.2.1.0
2025-11-21 13:50:50,181 [ERROR] Engine:463 - C:\Users\Admin\.stm32cubemx\thirdparties\pdsc\STMicroelectronics.X-CUBE-IPS.3.2.0.pdsc: PDSC version is not supported
2025-11-21 13:50:50,200 [ERROR] Engine:463 - C:\Users\Admin\.stm32cubemx\thirdparties\pdsc\STMicroelectronics.X-CUBE-FREERTOS.1.2.0.pdsc: PDSC version is not supported
2025-11-21 13:50:50,229 [WARN] PackLoader:238 - Cannot read IP mode file for STMicroelectronics.X-CUBE-NFC12.1.0.0
2025-11-21 13:50:50,282 [WARN] PackLoader:238 - Cannot read IP mode file for STMicroelectronics.X-CUBE-AZRTOS-L5.2.0.0
2025-11-21 13:50:50,308 [WARN] PackLoader:238 - Cannot read IP mode file for STMicroelectronics.X-CUBE-NFC6.3.1.0
2025-11-21 13:50:50,336 [ERROR] Engine:463 - C:\Users\Admin\.stm32cubemx\thirdparties\pdsc\STMicroelectronics.X-CUBE-DPower.1.2.0.pdsc: PDSC version is not supported
2025-11-21 13:50:50,356 [ERROR] Engine:463 - C:\Users\Admin\.stm32cubemx\thirdparties\pdsc\STMicroelectronics.X-CUBE-FREERTOS.1.3.1.pdsc: PDSC version is not supported
2025-11-21 13:50:50,379 [WARN] PackLoader:238 - Cannot read IP mode file for STMicroelectronics.X-CUBE-NFC7.1.0.1
2025-11-21 13:50:50,402 [WARN] PackLoader:238 - Cannot read IP mode file for STMicroelectronics.X-CUBE-TOUCHGFX.4.26.0
2025-11-21 13:50:50,421 [ERROR] Engine:463 - C:\Users\Admin\.stm32cubemx\thirdparties\pdsc\STMicroelectronics.FP-SNS-STAIOTCFT.1.0.0.pdsc: PDSC version is not supported
2025-11-21 13:50:50,436 [ERROR] Engine:463 - C:\Users\Admin\.stm32cubemx\thirdparties\pdsc\STMicroelectronics.X-CUBE-DPower.1.3.0.pdsc: PDSC version is not supported
2025-11-21 13:50:50,483 [WARN] ConditionMgr:437 - getConditionDescription Invalid condition id : LAN8742 Phy interface Condition cause : null
2025-11-21 13:50:50,484 [WARN] PackLoader:238 - Cannot read IP mode file for STMicroelectronics.X-CUBE-AZRTOS-L4.2.0.0
2025-11-21 13:50:50,487 [WARN] ConditionMgr:1038 - genDependencies : Invalid condition id : LAN8742 Phy interface Condition cause : null
2025-11-21 13:50:50,487 [WARN] ConditionMgr:1038 - genDependencies : Invalid condition id : LAN8742 Phy interface Condition cause : null
2025-11-21 13:50:50,487 [WARN] ConditionMgr:1038 - genDependencies : Invalid condition id : LAN8742 Phy interface Condition cause : null
2025-11-21 13:50:50,507 [WARN] PackLoader:238 - Cannot read IP mode file for STMicroelectronics.X-CUBE-SFXS2LP1.4.0.0
2025-11-21 13:50:50,570 [WARN] PackLoader:238 - Cannot read IP mode file for STMicroelectronics.X-CUBE-AZRTOS-H7.3.3.0
2025-11-21 13:50:50,593 [ERROR] Engine:463 - C:\Users\Admin\.stm32cubemx\thirdparties\pdsc\STMicroelectronics.X-CUBE-BLEMGR.4.1.0.pdsc: PDSC version is not supported
2025-11-21 13:50:50,615 [ERROR] Engine:463 - C:\Users\Admin\.stm32cubemx\thirdparties\pdsc\STMicroelectronics.X-CUBE-IPS.3.0.0.pdsc: PDSC version is not supported
2025-11-21 13:50:50,657 [WARN] ConditionMgr:437 - getConditionDescription Invalid condition id : UX DEVICE CLASS RTOS Condition cause : null
2025-11-21 13:50:50,658 [WARN] ConditionMgr:437 - getConditionDescription Invalid condition id : UX DEVICE CLASS RTOS Condition cause : null
2025-11-21 13:50:50,660 [WARN] PackLoader:238 - Cannot read IP mode file for STMicroelectronics.X-CUBE-AZRTOS-WB.2.0.0
2025-11-21 13:50:50,661 [WARN] ConditionMgr:1038 - genDependencies : Invalid condition id : UX DEVICE CLASS RTOS Condition cause : null
2025-11-21 13:50:50,661 [WARN] ConditionMgr:1038 - genDependencies : Invalid condition id : UX DEVICE CLASS RTOS Condition cause : null
2025-11-21 13:50:50,662 [WARN] ConditionMgr:1038 - genDependencies : Invalid condition id : UX DEVICE CLASS RTOS Condition cause : null
2025-11-21 13:50:50,662 [WARN] ConditionMgr:1038 - genDependencies : Invalid condition id : UX DEVICE CLASS RTOS Condition cause : null
2025-11-21 13:50:50,662 [WARN] ConditionMgr:1038 - genDependencies : Invalid condition id : UX DEVICE CLASS RTOS Condition cause : null
2025-11-21 13:50:50,688 [WARN] PackLoader:238 - Cannot read IP mode file for STMicroelectronics.X-CUBE-GNSS1.7.0.0
2025-11-21 13:50:50,710 [WARN] PackLoader:238 - Cannot read IP mode file for STMicroelectronics.X-CUBE-GNSS1.7.0.1
2025-11-21 13:50:50,734 [WARN] PackLoader:238 - Cannot read IP mode file for STMicroelectronics.X-CUBE-TOUCHGFX.4.25.0
2025-11-21 13:50:50,760 [ERROR] Engine:463 - C:\Users\Admin\.stm32cubemx\thirdparties\pdsc\STMicroelectronics.FP-SNS-STBOX1.2.0.0.pdsc: PDSC version is not supported
2025-11-21 13:50:50,792 [WARN] PackLoader:238 - Cannot read IP mode file for STMicroelectronics.X-CUBE-SUBG2.5.0.0
2025-11-21 13:50:50,853 [WARN] PackLoader:238 - Cannot read IP mode file for STMicroelectronics.X-CUBE-AZRTOS-H7RS.1.1.0
2025-11-21 13:50:50,877 [ERROR] Engine:463 - C:\Users\Admin\.stm32cubemx\thirdparties\pdsc\Cesanta.I-CUBE-Mongoose.7.13.0.pdsc: PDSC version is not supported
2025-11-21 13:50:50,916 [WARN] PackLoader:238 - Cannot read IP mode file for STMicroelectronics.X-CUBE-AZRTOS-G4.2.0.0
2025-11-21 13:50:50,938 [WARN] PackLoader:238 - Cannot read IP mode file for STMicroelectronics.X-CUBE-NFC7.2.0.0
2025-11-21 13:50:50,966 [ERROR] Engine:463 - C:\Users\Admin\.stm32cubemx\thirdparties\pdsc\STMicroelectronics.X-CUBE-IPS.3.1.0.pdsc: PDSC version is not supported
2025-11-21 13:50:50,990 [ERROR] Engine:463 - C:\Users\Admin\.stm32cubemx\thirdparties\pdsc\STMicroelectronics.X-CUBE-ALS.1.0.2.pdsc: PDSC version is not supported
2025-11-21 13:50:51,020 [WARN] PackLoader:238 - Cannot read IP mode file for STMicroelectronics.X-CUBE-TOUCHGFX.4.24.1
2025-11-21 13:50:51,048 [WARN] PackLoader:238 - Cannot read IP mode file for STMicroelectronics.X-CUBE-STSE01.1.0.0
2025-11-21 13:50:51,078 [WARN] PackLoader:238 - Cannot read IP mode file for wolfSSL.I-CUBE-wolfTPM.3.4.0
2025-11-21 13:50:51,111 [WARN] PackLoader:238 - Cannot read IP mode file for portGmbH.I-Cube-SoM-uGOAL.1.1.0
2025-11-21 13:50:51,167 [WARN] PackLoader:238 - Cannot read IP mode file for STMicroelectronics.X-CUBE-AZRTOS-H7RS.1.0.0
2025-11-21 13:50:51,198 [WARN] PackLoader:238 - Cannot read IP mode file for STMicroelectronics.FP-ATR-ASTRA1.2.0.0
2025-11-21 13:50:51,226 [ERROR] Engine:463 - C:\Users\Admin\.stm32cubemx\thirdparties\pdsc\STMicroelectronics.X-CUBE-TOF1.3.4.2.pdsc: PDSC version is not supported
2025-11-21 13:50:51,255 [ERROR] Engine:463 - C:\Users\Admin\.stm32cubemx\thirdparties\pdsc\STMicroelectronics.X-CUBE-TOF1.3.4.3.pdsc: PDSC version is not supported
2025-11-21 13:50:51,279 [ERROR] Engine:463 - C:\Users\Admin\.stm32cubemx\thirdparties\pdsc\Infineon.AIROC-Wi-Fi-Bluetooth-STM32.1.6.1.pdsc: PDSC version is not supported
2025-11-21 13:50:51,301 [WARN] PackLoader:238 - Cannot read IP mode file for wolfSSL.I-CUBE-wolfSSH.1.4.17
2025-11-21 13:50:51,301 [INFO] ThirdParty:915 - Integrity check success = true
2025-11-21 13:50:51,301 [INFO] IntegrityCheckThread:94 - exiting critical section [integrity check]
2025-11-21 13:50:51,301 [INFO] IntegrityCheckThread:97 - End integrity checks thread
2025-11-21 13:50:51,952 [INFO] ApiDb:251 - Load user favorites file C:\Users\Admin/.stm32cubeide/favorites.boards.txt: 0 item(s)
2025-11-21 13:50:51,952 [INFO] ApiDb:255 - User favorites Boards=[]
2025-11-21 13:50:51,953 [INFO] DbBoards:206 - Set 0 / 0 favorites Boards
2025-11-21 13:50:51,958 [INFO] DbBoardsDocs:79 - Found 418 boards documents
2025-11-21 13:50:51,959 [INFO] ApiDb:276 - Save user favorites file C:\Users\Admin/.stm32cubeide/favorites.boards.txt: 0 item(s)
2025-11-21 13:50:51,959 [INFO] ApiDb:280 - User favorites Boards=[]
2025-11-21 13:50:51,963 [INFO] DbBoardsPdsc:90 - Found 25 items
2025-11-21 13:50:51,965 [INFO] DbBoardsPdsc:90 - Found 9 items
2025-11-21 13:50:51,971 [INFO] DbBoardsPdsc:90 - Found 33 items
2025-11-21 13:50:51,974 [INFO] DbBoardsPdsc:90 - Found 1 items
2025-11-21 13:50:51,981 [INFO] DbBoardsPdsc:90 - Found 48 items
2025-11-21 13:50:51,990 [INFO] DbBoardsPdsc:90 - Found 43 items
2025-11-21 13:50:51,991 [INFO] DbBoardsPdsc:90 - Found 2 items
2025-11-21 13:50:51,993 [INFO] DbBoardsPdsc:90 - Found 5 items
2025-11-21 13:50:51,995 [WARN] DbBoardsPdsc:254 - Board STM32H7B3I-DK: unknown feature type=Audio, name=, username=Audio stereo codec with Headphone Amp (CS42L51-CNZ), n=1
2025-11-21 13:50:51,996 [WARN] DbBoardsPdsc:254 - Board STM32H735G-DK: unknown feature type=Audio, name=, username=Audio stereo codec with Headphone Amp (WM8994ECS/R), n=1
2025-11-21 13:50:51,998 [WARN] DbBoardsPdsc:254 - Board STM32H7B3I-EVAL: unknown feature type=Audio, name=, username=Multi-Channel Audio Codec (CS42L51-CNZ), n=1
2025-11-21 13:50:51,998 [WARN] DbBoardsPdsc:254 - Board STM32H7B3I-EVAL: unknown feature type=Meter, name=, username=Power-metering and Temperature-monitoring with sigma-delta modulators, n=1
2025-11-21 13:50:51,998 [WARN] DbBoardsPdsc:254 - Board STM32H7B3I-EVAL: unknown feature type=Motor, name=, username=Motor Control, n=1
2025-11-21 13:50:51,999 [WARN] DbBoardsPdsc:254 - Board STM32U575I-EV: unknown feature type=joystick, name=, username=4-direction joystick with selection button, n=1
2025-11-21 13:50:52,018 [INFO] DbBoardsJson:86 - JSON generation date=Tue Nov 16 23:17:54 ICT 2021 (1637079474)
2025-11-21 13:50:52,024 [INFO] DbBoards:117 - Found 167 boards (163 are supported by CubeMX)
2025-11-21 13:50:52,025 [WARN] DbBoards:127 - board B-L475E-IOT01A2 has no document id list !
2025-11-21 13:50:52,026 [WARN] DbBoards:127 - board NUCLEO-H743ZI has no document id list !
2025-11-21 13:50:52,027 [WARN] DbBoards:127 - board NUCLEO-WL55JC2 has no document id list !
2025-11-21 13:50:52,027 [WARN] DbBoards:127 - board P-NUCLEO-WB55-Nucleo has no document id list !
2025-11-21 13:50:52,027 [WARN] DbBoards:127 - board P-NUCLEO-WB55-USBDongle has no document id list !
2025-11-21 13:50:52,027 [WARN] DbBoards:127 - board STEVAL-BFA001V1B has no document id list !
2025-11-21 13:50:52,027 [WARN] DbBoards:127 - board STEVAL-BFA001V2B has no document id list !
2025-11-21 13:50:52,027 [WARN] DbBoards:127 - board STEVAL-IDP005V1 has no document id list !
2025-11-21 13:50:52,027 [WARN] DbBoards:127 - board STEVAL-IDP005V2 has no document id list !
2025-11-21 13:50:52,027 [WARN] DbBoards:127 - board STEVAL-MKSBOX1V1 has no document id list !
2025-11-21 13:50:52,027 [WARN] DbBoards:127 - board STEVAL-STWINKT1 has no document id list !
2025-11-21 13:50:52,028 [WARN] DbBoards:127 - board STEVAL-STWINKT1B has no document id list !
2025-11-21 13:50:52,028 [WARN] DbBoards:127 - board STM32439I-EVAL2 has no document id list !
2025-11-21 13:50:52,028 [WARN] DbBoards:127 - board STM32F401C-DISCO has no document id list !
2025-11-21 13:50:52,028 [WARN] DbBoards:127 - board STM32F769I-DISC1 has no document id list !
2025-11-21 13:50:52,028 [WARN] DbBoards:127 - board STM32G474E-EVAL1 has no document id list !
2025-11-21 13:50:52,028 [WARN] DbBoards:127 - board STM32H743I-EVAL2 has no document id list !
2025-11-21 13:50:52,028 [WARN] DbBoards:127 - board STM32H747I-DISC1 has no document id list !
2025-11-21 13:50:52,028 [WARN] DbBoards:127 - board STM32H753I-EVAL2 has no document id list !
2025-11-21 13:50:52,028 [WARN] DbBoards:127 - board STM32L-DISCOVERY has no document id list !
2025-11-21 13:50:52,150 [ERROR] DbBoards:189 - Image file not found for board B-U585I-IOT02A: E:\STM32CubeIDE\STM32CubeIDE_1.7.0\STM32CubeIDE\plugins\com.st.stm32cube.common.mx_6.3.0.202107141111\\db\/plugins/mcufinder/images/boards/B-U585I-IOT02A_small.jpg
2025-11-21 13:50:52,254 [ERROR] DbBoards:189 - Image file not found for board NUCLEO-F413ZH: E:\STM32CubeIDE\STM32CubeIDE_1.7.0\STM32CubeIDE\plugins\com.st.stm32cube.common.mx_6.3.0.202107141111\\db\/plugins/mcufinder/images/boards/nucleo-f413zh_small.jpg
2025-11-21 13:50:52,488 [ERROR] DbBoards:189 - Image file not found for board NUCLEO-L552ZE-Q: E:\STM32CubeIDE\STM32CubeIDE_1.7.0\STM32CubeIDE\plugins\com.st.stm32cube.common.mx_6.3.0.202107141111\\db\/plugins/mcufinder/images/boards/nucleo_l552ze_q_small.jpg
2025-11-21 13:50:52,489 [ERROR] DbBoards:189 - Image file not found for board NUCLEO-U575ZI-Q: E:\STM32CubeIDE\STM32CubeIDE_1.7.0\STM32CubeIDE\plugins\com.st.stm32cube.common.mx_6.3.0.202107141111\\db\/plugins/mcufinder/images/boards/nucleo-u575zi-q_small.jpg
2025-11-21 13:50:52,489 [ERROR] DbBoards:189 - Image file not found for board NUCLEO-WB15CC: E:\STM32CubeIDE\STM32CubeIDE_1.7.0\STM32CubeIDE\plugins\com.st.stm32cube.common.mx_6.3.0.202107141111\\db\/plugins/mcufinder/images/boards/nucleo-wb15cc_small.jpg
2025-11-21 13:50:52,489 [ERROR] DbBoards:189 - Image file not found for board NUCLEO-WB55RG: E:\STM32CubeIDE\STM32CubeIDE_1.7.0\STM32CubeIDE\plugins\com.st.stm32cube.common.mx_6.3.0.202107141111\\db\/plugins/mcufinder/images/boards/nucleo-wb55rg_small.jpg
2025-11-21 13:50:53,147 [INFO] ApiDb:251 - Load user favorites file C:\Users\Admin/.stm32cubeide/favorites.boards.txt: 0 item(s)
2025-11-21 13:50:53,147 [INFO] ApiDb:255 - User favorites Boards=[]
2025-11-21 13:50:53,147 [INFO] DbBoards:206 - Set 0 / 0 favorites Boards
2025-11-21 13:50:53,161 [INFO] LoadUrlFilesThread:172 - End of LoadServerUrlFiles without Thread
2025-11-21 13:50:53,161 [INFO] TargetSelectorAdapter:224 - Refresh data is successful
2025-11-21 13:50:53,307 [INFO] ApiDb:479 - Connected to CubeFinder SQLite database (C:\Users\Admin\.stmcufinder\plugins\mcufinder\mcu\cube-finder-db.db)
2025-11-21 13:50:54,022 [ERROR] DbExamplesSqlite:446 - Missing JSON key: board_cpn
2025-11-21 13:50:54,022 [ERROR] DbExamplesSqlite:446 - Missing JSON key: board_cpn
2025-11-21 13:50:54,022 [ERROR] DbExamplesSqlite:446 - Missing JSON key: board_cpn
2025-11-21 13:50:54,022 [ERROR] DbExamplesSqlite:446 - Missing JSON key: board_cpn
2025-11-21 13:50:54,307 [ERROR] DbExamplesSqlite:446 - Missing JSON key: board_cpn
2025-11-21 13:50:54,308 [ERROR] DbExamplesSqlite:446 - Missing JSON key: board_cpn
2025-11-21 13:50:54,317 [INFO] DbExamplesSqlite:411 - Ignored 42 examples not supported by CubeIDE
2025-11-21 13:50:54,317 [INFO] DbExamplesSqlite:412 - Found 10883 examples active
2025-11-21 13:50:54,317 [INFO] DbExamplesSqlite:413 - Found 0 examples obsolete
2025-11-21 13:50:54,317 [INFO] DbExamplesSqlite:414 - Found 0 examples under development
2025-11-21 13:50:54,317 [INFO] DbExamplesSqlite:415 - Found 85 examples not building
2025-11-21 13:50:54,403 [INFO] DbExamplesSqlite:108 - CubeFinder database Data Model version=2.1
2025-11-21 13:50:54,403 [INFO] DbExamplesSqlite:109 - CubeFinder database Configuration version=3.0.39
2025-11-21 13:50:54,403 [INFO] DbExamplesSqlite:110 - CubeFinder database generation date=2025-11-05 (1762334721)
2025-11-21 13:50:54,403 [INFO] DbExamplesSqlite:111 - CubeFinder database FW Pack versions=[FP-ATR-ASTRA1_V2.0.0, FP-SNS-FLIGHT1_V5.1.0, FP-SNS-MOTENV1_V5.1.0, FP-SNS-MOTENVWB1_V1.4.0, FP-SNS-SMARTAG2_V1.2.0, FP-SNS-STBOX1_V2.1.0, STM32Cube_FW_C0_V1.4.0, STM32Cube_FW_F4_V1.28.3, STM32Cube_FW_F7_V1.17.4, STM32Cube_FW_G0_V1.6.2, STM32Cube_FW_G4_V1.6.1, STM32Cube_FW_H5_V1.5.1, STM32Cube_FW_H7RS_V1.3.0, STM32Cube_FW_H7_V1.12.1, STM32Cube_FW_L0_V1.12.2, STM32Cube_FW_L4_V1.18.1, STM32Cube_FW_L5_V1.6.0, STM32Cube_FW_N6_V1.3.0, STM32Cube_FW_U0_V1.3.0, STM32Cube_FW_U3_V1.2.1, STM32Cube_FW_U5_V1.8.0, STM32Cube_FW_WB0_V1.4.0, STM32Cube_FW_WBA_V1.8.0, STM32Cube_FW_WB_V1.24.0, STM32Cube_FW_WL3_V1.3.0, STM32Cube_FW_WL_V1.4.0, X-CUBE-ALGOBUILD_V1.4.0, X-CUBE-ALS_V1.0.2, X-CUBE-AZRTOS-F4_V1.1.0, X-CUBE-AZRTOS-F7_V1.1.0, X-CUBE-AZRTOS-G0_V1.1.0, X-CUBE-AZRTOS-G4_V2.0.0, X-CUBE-AZRTOS-H7RS_V1.1.0, X-CUBE-AZRTOS-H7_V3.4.0, X-CUBE-AZRTOS-L4_V2.0.0, X-CUBE-AZRTOS-L5_V2.0.0, X-CUBE-AZRTOS-WB_V2.0.0, X-CUBE-AZRTOS-WL_V2.0.0, X-CUBE-BLE1_V7.1.0, X-CUBE-BLE2_V3.3.0, X-CUBE-BLEMGR_V4.1.0, X-CUBE-EEPRMA1_V5.2.0, X-CUBE-FREERTOS_V1.3.1, X-CUBE-GNSS1_V6.0.0, X-CUBE-MEMS1_V11.3.0, X-CUBE-NFC4_V3.0.0, X-CUBE-NFC7_V2.0.0, X-CUBE-SFXS2LP1_V4.0.0, X-CUBE-ST67W61_V1.1.0, X-CUBE-SUBG2_V5.0.0, X-CUBE-TOF1_V3.4.3]
2025-11-21 13:50:54,405 [INFO] DbExamples:130 - Found 10926 examples
2025-11-21 13:50:56,142 [ERROR] DbExamples:206 - Found 10926 examples with invalid data (board or MCU)
2025-11-21 13:50:56,143 [INFO] DbExamples:222 - Found 97 boards with related examples
2025-11-21 13:50:56,143 [INFO] DbExamples:235 - Found 0 MCUs with related examples
2025-11-21 13:50:56,181 [INFO] ApiDb:242 - User favorites file not found: C:\Users\Admin/.stm32cubeide/favorites.examples.txt
2025-11-21 13:50:56,181 [INFO] DbExamples:256 - Set 0 / 0 favorites Examples
2025-11-21 13:50:56,865 [INFO] McuFinderGlobals:52 - Set McuFinderConnectedMode to false
2025-11-21 13:50:56,980 [INFO] CrossSelectorPresenter:1330 - Cross Selector saved comparison directory: C:\Users\Admin\.stmcufinder\plugins\mcufinder\mcu\cs_comparisons_mx
2025-11-21 13:50:56,990 [INFO] MultiScanPanel:197 - Auto-refresh data requested => check proxy status ongoing
2025-11-21 13:50:56,990 [INFO] MultiScanPanel:201 - Proxy status is invalid
2025-11-21 13:50:56,994 [INFO] FinderPluginLoader:87 - Searching for filters in installed packs
2025-11-21 13:50:57,577 [INFO] DetailPanel:309 - Set advertising image to C:/Users/Admin/STM32Cube/Repository/\en.mcu-finder-preevent.jpg
2025-11-21 13:53:41,750 [INFO] MainUpdater:2671 - connection check result : 10
2025-11-21 13:53:41,750 [INFO] MainUpdater:2671 - connection check result : 10
2025-11-21 13:53:41,794 [INFO] MicroXplorer:448 - Change Database Path : 
2025-11-21 13:53:41,794 [INFO] MicroXplorer:478 - Change Database Version : DB.6.0.30
2025-11-21 13:53:41,794 [WARN] ThirdParty:813 - waiting for thirdparty lock release [close project]
2025-11-21 13:53:41,794 [INFO] ThirdParty:815 - entering critical section [close project]
2025-11-21 13:53:41,795 [INFO] ThirdParty:825 - exiting critical section [close project]
2025-11-21 13:53:41,797 [INFO] PinOutPanel:1463 - setPackage(No Configuration,No Configuration)
2025-11-21 13:53:41,798 [INFO] UtilMem:74 - Begin LoadConfig() Used Memory: 926173656 Bytes (1073741824)
2025-11-21 13:53:41,799 [INFO] MicroXplorer:448 - Change Database Path : 
2025-11-21 13:53:41,799 [INFO] MicroXplorer:478 - Change Database Version : DB.6.0.30
2025-11-21 13:53:41,800 [INFO] OpenFileManager:313 - Change cursor
2025-11-21 13:53:42,569 [INFO] Context:592 - Trying to add GPIOservice into a context  which must be forbidden
2025-11-21 13:53:42,733 [INFO] ImportTextPane:167 - (OptionalMessage_ERROR) Unable to find key (Mcu.ThirdPartyNb) in loaded IOC file
2025-11-21 13:53:42,733 [INFO] ImportTextPane:167 - (OptionalMessage_ERROR) Unable to find key (Mcu.PinsNb) in loaded IOC file
2025-11-21 13:53:42,733 [INFO] ImportTextPane:167 - (OptionalMessage_ERROR) Unable to find key (Mcu.IPNb) in loaded IOC file
2025-11-21 13:53:42,770 [WARN] ApiManager:304 - Cannot register API 'Board Extension:PM33A1' from pack STMicroelectronics.X-CUBE-PM33A1.1.0.0: no header file found
2025-11-21 13:53:42,775 [WARN] ApiManager:304 - Cannot register API 'Board Extension:NFC09A1' from pack STMicroelectronics.X-CUBE-NFC9.1.0.0: no header file found
2025-11-21 13:53:42,777 [WARN] ApiManager:304 - Cannot register API 'Wireless:BlueNRG-MS' from pack STMicroelectronics.X-CUBE-BLE1.7.1.0: no header file found
2025-11-21 13:53:42,778 [WARN] ApiManager:304 - Cannot register API 'Wireless:STM32WB05N' from pack STMicroelectronics.X-CUBE-WB05N.1.1.0: no header file found
2025-11-21 13:53:42,779 [WARN] ApiManager:304 - Cannot register API 'Board Extension:EEPRMA2' from pack STMicroelectronics.X-CUBE-EEPRMA1.5.2.0: no header file found
2025-11-21 13:53:42,779 [WARN] ApiManager:304 - Cannot register API 'Board Extension:PGEEZ1' from pack STMicroelectronics.X-CUBE-EEPRMA1.5.2.0: no header file found
2025-11-21 13:53:42,779 [WARN] ApiManager:304 - Cannot register API 'Board Extension:EEICA1' from pack STMicroelectronics.X-CUBE-EEPRMA1.5.2.0: no header file found
2025-11-21 13:53:42,779 [WARN] ApiManager:304 - Cannot register API 'Board Part:M24' from pack STMicroelectronics.X-CUBE-EEPRMA1.5.2.0: no header file found
2025-11-21 13:53:42,779 [WARN] ApiManager:304 - Cannot register API 'Board Part:M95' from pack STMicroelectronics.X-CUBE-EEPRMA1.5.2.0: no header file found
2025-11-21 13:53:42,779 [WARN] ApiManager:304 - Cannot register API 'Board Part:M95P32' from pack STMicroelectronics.X-CUBE-EEPRMA1.5.2.0: no header file found
2025-11-21 13:53:42,779 [WARN] ApiManager:304 - Cannot register API 'Board Part:M24256E-F' from pack STMicroelectronics.X-CUBE-EEPRMA1.5.2.0: no header file found
2025-11-21 13:53:42,779 [WARN] ApiManager:304 - Cannot register API 'Board Part:M24M01E-F' from pack STMicroelectronics.X-CUBE-EEPRMA1.5.2.0: no header file found
2025-11-21 13:53:42,779 [WARN] ApiManager:304 - Cannot register API 'PGEEZ1:SPI' from pack STMicroelectronics.X-CUBE-EEPRMA1.5.2.0: no header file found
2025-11-21 13:53:42,780 [WARN] ApiManager:304 - Cannot register API 'PGEEZ1:QDSPI' from pack STMicroelectronics.X-CUBE-EEPRMA1.5.2.0: no header file found
2025-11-21 13:53:42,781 [WARN] ApiManager:304 - Cannot register API 'Board Extension:GNSS1A1' from pack STMicroelectronics.X-CUBE-GNSS1.7.0.0: no header file found
2025-11-21 13:53:42,781 [WARN] ApiManager:304 - Cannot register API 'Board Support:Custom' from pack STMicroelectronics.X-CUBE-GNSS1.7.0.0: no header file found
2025-11-21 13:53:42,781 [WARN] ApiManager:304 - Cannot register API 'Data Exchange:lib_gnss' from pack STMicroelectronics.X-CUBE-GNSS1.7.0.0: no header file found
2025-11-21 13:53:42,782 [WARN] ApiManager:304 - Cannot register API 'Board Extension:GNSS1A1' from pack STMicroelectronics.X-CUBE-GNSS1.7.0.1: no header file found
2025-11-21 13:53:42,782 [WARN] ApiManager:304 - Cannot register API 'Board Support:Custom' from pack STMicroelectronics.X-CUBE-GNSS1.7.0.1: no header file found
2025-11-21 13:53:42,782 [WARN] ApiManager:304 - Cannot register API 'Data Exchange:lib_gnss' from pack STMicroelectronics.X-CUBE-GNSS1.7.0.1: no header file found
2025-11-21 13:53:42,782 [WARN] ApiManager:304 - Cannot register API 'Board Extension:NFC12A1' from pack STMicroelectronics.X-CUBE-NFC12.1.0.0: no header file found
2025-11-21 13:53:42,787 [WARN] ApiManager:304 - Cannot register API 'Board Extension:NFC06A1' from pack STMicroelectronics.X-CUBE-NFC6.3.1.0: no header file found
2025-11-21 13:53:42,787 [WARN] ApiManager:304 - Cannot register API 'Board Extension:NFC08A1' from pack STMicroelectronics.X-CUBE-NFC6.3.1.0: no header file found
2025-11-21 13:53:42,944 [WARN] ApiManager:304 - Cannot register API 'Board Extension:IKS01A3' from pack STMicroelectronics.X-CUBE-MEMS1.11.0.0: no header file found
2025-11-21 13:53:42,944 [WARN] ApiManager:304 - Cannot register API 'Board Extension:IKS02A1' from pack STMicroelectronics.X-CUBE-MEMS1.11.0.0: no header file found
2025-11-21 13:53:42,944 [WARN] ApiManager:304 - Cannot register API 'Board Extension:IKS4A1' from pack STMicroelectronics.X-CUBE-MEMS1.11.0.0: no header file found
2025-11-21 13:53:43,099 [WARN] ApiManager:304 - Cannot register API 'Board Extension:IKS01A3' from pack STMicroelectronics.X-CUBE-MEMS1.11.2.0: no header file found
2025-11-21 13:53:43,099 [WARN] ApiManager:304 - Cannot register API 'Board Extension:IKS02A1' from pack STMicroelectronics.X-CUBE-MEMS1.11.2.0: no header file found
2025-11-21 13:53:43,099 [WARN] ApiManager:304 - Cannot register API 'Board Extension:IKS4A1' from pack STMicroelectronics.X-CUBE-MEMS1.11.2.0: no header file found
2025-11-21 13:53:43,104 [INFO] RtosManager:484 - Registered RTOS mode: class=CMSIS, group=RTOS, mode=CMSIS_V1, owner=FREERTOS
2025-11-21 13:53:43,104 [INFO] RtosManager:484 - Registered RTOS mode: class=CMSIS, group=RTOS2, mode=CMSIS_V2, owner=FREERTOS
2025-11-21 13:53:43,104 [INFO] RtosManager:484 - Registered RTOS mode: class=RTOS, group=Core, mode=CMSIS_V1, owner=FREERTOS
2025-11-21 13:53:43,105 [INFO] RtosManager:484 - Registered RTOS mode: class=RTOS, group=Core, mode=CMSIS_V2, owner=FREERTOS
2025-11-21 13:53:43,105 [WARN] ModelIntegratedComponent:181 - Missing modes for component STMicroelectronics:FreeRTOS:0.0.1:STMicroelectronics:RTOS:FreeRTOS:Core:::10.2.0:
2025-11-21 13:53:43,106 [WARN] ApiManager:304 - Cannot register API 'Board Extension:STSAFEA1' from pack STMicroelectronics.X-CUBE-SAFEA1.1.2.2: no header file found
2025-11-21 13:53:43,106 [WARN] ApiManager:304 - Cannot register API 'Board Part:STSAFEA110' from pack STMicroelectronics.X-CUBE-SAFEA1.1.2.2: no header file found
2025-11-21 13:53:43,106 [WARN] ApiManager:304 - Cannot register API 'Security:ST_Cryptolib' from pack STMicroelectronics.X-CUBE-SAFEA1.1.2.2: no header file found
2025-11-21 13:53:43,106 [WARN] ApiManager:304 - Cannot register API 'Security:MbedTLS' from pack STMicroelectronics.X-CUBE-SAFEA1.1.2.2: no header file found
2025-11-21 13:53:43,106 [WARN] ApiManager:304 - Cannot register API 'Board Extension:NFC04A1' from pack STMicroelectronics.X-CUBE-NFC4.3.0.0: no header file found
2025-11-21 13:53:43,108 [WARN] ApiManager:304 - Cannot register API 'Board Extension:S2868A1' from pack STMicroelectronics.X-CUBE-SUBG2.5.0.0: no header file found
2025-11-21 13:53:43,108 [WARN] ApiManager:304 - Cannot register API 'Board Extension:S2868A2' from pack STMicroelectronics.X-CUBE-SUBG2.5.0.0: no header file found
2025-11-21 13:53:43,108 [WARN] ApiManager:304 - Cannot register API 'Board Extension:S2915A1' from pack STMicroelectronics.X-CUBE-SUBG2.5.0.0: no header file found
2025-11-21 13:53:43,110 [WARN] ApiManager:304 - Cannot register API 'Wireless:STM32WB05N' from pack STMicroelectronics.X-CUBE-WB05N.2.0.0: no header file found
2025-11-21 13:53:43,112 [WARN] ApiManager:304 - Cannot register API 'Board Extension:NFC07A1' from pack STMicroelectronics.X-CUBE-NFC7.2.0.0: no header file found
2025-11-21 13:53:43,112 [WARN] ApiManager:304 - Cannot register API 'Wireless:BlueNRG-MS' from pack STMicroelectronics.X-CUBE-BLE1.7.0.0: no header file found
2025-11-21 13:53:43,112 [WARN] ApiManager:304 - Cannot register API 'Board Extension:NFC10A1' from pack STMicroelectronics.X-CUBE-NFC10.1.0.0: no header file found
2025-11-21 13:53:43,113 [WARN] ApiManager:304 - Cannot register API 'Board Extension:EEPRMA2' from pack STMicroelectronics.X-CUBE-EEPRMA1.5.1.0: no header file found
2025-11-21 13:53:43,113 [WARN] ApiManager:304 - Cannot register API 'Board Extension:PGEEZ1' from pack STMicroelectronics.X-CUBE-EEPRMA1.5.1.0: no header file found
2025-11-21 13:53:43,113 [WARN] ApiManager:304 - Cannot register API 'Board Extension:EEICA1' from pack STMicroelectronics.X-CUBE-EEPRMA1.5.1.0: no header file found
2025-11-21 13:53:43,113 [WARN] ApiManager:304 - Cannot register API 'Board Part:M24' from pack STMicroelectronics.X-CUBE-EEPRMA1.5.1.0: no header file found
2025-11-21 13:53:43,113 [WARN] ApiManager:304 - Cannot register API 'Board Part:M95' from pack STMicroelectronics.X-CUBE-EEPRMA1.5.1.0: no header file found
2025-11-21 13:53:43,113 [WARN] ApiManager:304 - Cannot register API 'Board Part:M95P32' from pack STMicroelectronics.X-CUBE-EEPRMA1.5.1.0: no header file found
2025-11-21 13:53:43,113 [WARN] ApiManager:304 - Cannot register API 'Board Part:M24256E-F' from pack STMicroelectronics.X-CUBE-EEPRMA1.5.1.0: no header file found
2025-11-21 13:53:43,113 [WARN] ApiManager:304 - Cannot register API 'Board Part:M24M01E-F' from pack STMicroelectronics.X-CUBE-EEPRMA1.5.1.0: no header file found
2025-11-21 13:53:43,113 [WARN] ApiManager:304 - Cannot register API 'PGEEZ1:SPI' from pack STMicroelectronics.X-CUBE-EEPRMA1.5.1.0: no header file found
2025-11-21 13:53:43,113 [WARN] ApiManager:304 - Cannot register API 'PGEEZ1:QDSPI' from pack STMicroelectronics.X-CUBE-EEPRMA1.5.1.0: no header file found
2025-11-21 13:53:43,114 [WARN] ModelIntegratedComponent:60 - No mode defined for component null
2025-11-21 13:53:43,114 [WARN] ModelIntegratedComponent:60 - No mode defined for component null
2025-11-21 13:53:43,115 [WARN] ModelIntegratedComponent:60 - No mode defined for component null
2025-11-21 13:53:43,115 [WARN] ModelIntegratedComponent:60 - No mode defined for component null
2025-11-21 13:53:43,115 [WARN] ModelIntegratedComponent:60 - No mode defined for component null
2025-11-21 13:53:43,115 [WARN] ModelIntegratedComponent:60 - No mode defined for component null
2025-11-21 13:53:43,115 [WARN] ModelIntegratedComponent:60 - No mode defined for component null
2025-11-21 13:53:43,115 [WARN] ModelIntegratedComponent:60 - No mode defined for component null
2025-11-21 13:53:43,115 [WARN] ModelIntegratedComponent:60 - No mode defined for component null
2025-11-21 13:53:43,115 [WARN] ModelIntegratedComponent:60 - No mode defined for component null
2025-11-21 13:53:43,115 [WARN] ModelIntegratedComponent:60 - No mode defined for component null
2025-11-21 13:53:43,115 [WARN] ModelIntegratedComponent:60 - No mode defined for component null
2025-11-21 13:53:43,115 [WARN] ModelIntegratedComponent:60 - No mode defined for component null
2025-11-21 13:53:43,115 [WARN] ModelIntegratedComponent:60 - No mode defined for component null
2025-11-21 13:53:43,115 [WARN] ModelIntegratedComponent:60 - No mode defined for component null
2025-11-21 13:53:43,115 [WARN] ModelIntegratedComponent:60 - No mode defined for component null
2025-11-21 13:53:43,115 [WARN] ModelIntegratedComponent:60 - No mode defined for component null
2025-11-21 13:53:43,115 [WARN] ModelIntegratedComponent:60 - No mode defined for component null
2025-11-21 13:53:43,115 [WARN] ModelIntegratedComponent:60 - No mode defined for component null
2025-11-21 13:53:43,115 [WARN] ModelIntegratedComponent:60 - No mode defined for component null
2025-11-21 13:53:43,115 [WARN] ModelIntegratedComponent:60 - No mode defined for component null
2025-11-21 13:53:43,115 [WARN] ModelIntegratedComponent:60 - No mode defined for component null
2025-11-21 13:53:43,115 [WARN] ModelIntegratedComponent:60 - No mode defined for component null
2025-11-21 13:53:43,115 [WARN] ModelIntegratedComponent:60 - No mode defined for component null
2025-11-21 13:53:43,115 [WARN] ModelIntegratedComponent:60 - No mode defined for component null
2025-11-21 13:53:43,115 [WARN] ModelIntegratedComponent:60 - No mode defined for component null
2025-11-21 13:53:43,116 [WARN] ModelIntegratedComponent:60 - No mode defined for component null
2025-11-21 13:53:43,116 [WARN] ModelIntegratedComponent:60 - No mode defined for component null
2025-11-21 13:53:43,116 [WARN] ModelIntegratedComponent:60 - No mode defined for component null
2025-11-21 13:53:43,116 [WARN] ModelIntegratedComponent:60 - No mode defined for component null
2025-11-21 13:53:43,116 [WARN] ModelIntegratedComponent:60 - No mode defined for component null
2025-11-21 13:53:43,116 [WARN] ApiManager:304 - Cannot register API 'Board Extension:NFC07A1' from pack STMicroelectronics.X-CUBE-NFC7.1.0.1: no header file found
2025-11-21 13:53:43,117 [WARN] ApiManager:304 - Cannot register API 'Board Extension:GNSS1A1' from pack STMicroelectronics.X-CUBE-GNSS1.7.1.0: no header file found
2025-11-21 13:53:43,117 [WARN] ApiManager:304 - Cannot register API 'Board Support:Custom' from pack STMicroelectronics.X-CUBE-GNSS1.7.1.0: no header file found
2025-11-21 13:53:43,117 [WARN] ApiManager:304 - Cannot register API 'Data Exchange:lib_gnss' from pack STMicroelectronics.X-CUBE-GNSS1.7.1.0: no header file found
2025-11-21 13:53:43,118 [WARN] ApiManager:304 - Cannot register API 'Board Extension:SAFEA1' from pack STMicroelectronics.X-CUBE-STSE01.1.0.0: no header file found
2025-11-21 13:53:43,118 [WARN] ApiManager:304 - Cannot register API 'Board Extension:ESE01A1' from pack STMicroelectronics.X-CUBE-STSE01.1.0.0: no header file found
2025-11-21 13:53:43,118 [WARN] ApiManager:304 - Cannot register API 'Board Part:STSAFEA110' from pack STMicroelectronics.X-CUBE-STSE01.1.0.0: no header file found
2025-11-21 13:53:43,118 [WARN] ApiManager:304 - Cannot register API 'Board Part:STSAFEA120' from pack STMicroelectronics.X-CUBE-STSE01.1.0.0: no header file found
2025-11-21 13:53:43,118 [WARN] ApiManager:304 - Cannot register API 'Security:STM32_Cryptographic' from pack STMicroelectronics.X-CUBE-STSE01.1.0.0: no header file found
2025-11-21 13:53:43,118 [WARN] ApiManager:304 - Cannot register API 'Security:STSELib' from pack STMicroelectronics.X-CUBE-STSE01.1.0.0: no header file found
2025-11-21 13:53:43,267 [WARN] ApiManager:304 - Cannot register API 'Board Extension:IKS01A3' from pack STMicroelectronics.X-CUBE-MEMS1.11.3.0: no header file found
2025-11-21 13:53:43,267 [WARN] ApiManager:304 - Cannot register API 'Board Extension:IKS02A1' from pack STMicroelectronics.X-CUBE-MEMS1.11.3.0: no header file found
2025-11-21 13:53:43,267 [WARN] ApiManager:304 - Cannot register API 'Board Extension:IKS4A1' from pack STMicroelectronics.X-CUBE-MEMS1.11.3.0: no header file found
2025-11-21 13:53:43,273 [WARN] ApiManager:304 - Cannot register API 'Board Extension:S2868A1' from pack STMicroelectronics.X-CUBE-SFXS2LP1.4.0.0: no header file found
2025-11-21 13:53:43,273 [WARN] ApiManager:304 - Cannot register API 'Board Extension:S2868A2' from pack STMicroelectronics.X-CUBE-SFXS2LP1.4.0.0: no header file found
2025-11-21 13:53:43,273 [WARN] ApiManager:304 - Cannot register API 'Board Extension:S2915A1' from pack STMicroelectronics.X-CUBE-SFXS2LP1.4.0.0: no header file found
2025-11-21 13:53:43,273 [WARN] ApiManager:304 - Cannot register API 'Wireless:BlueNRG-2' from pack STMicroelectronics.X-CUBE-BLE2.3.3.0: no header file found
2025-11-21 13:53:48,480 [INFO] UtilMem:74 - End LoadConfig() Used Memory: 917537848 Bytes (1073741824)
2025-11-21 13:53:48,484 [WARN] ThirdParty:779 - waiting for thirdparty lock release [change project]
2025-11-21 13:53:48,484 [INFO] ThirdParty:781 - entering critical section [change project]
2025-11-21 13:53:48,484 [INFO] ThirdParty:967 - CMSIS Pack Vendor :STMicroelectronics X-CUBE-PM33A1 1.0.0
2025-11-21 13:53:48,484 [INFO] ThirdParty:967 - CMSIS Pack Vendor :STMicroelectronics X-CUBE-AZRTOS-H7 3.3.0
2025-11-21 13:53:48,484 [INFO] ThirdParty:967 - CMSIS Pack Vendor :STMicroelectronics X-CUBE-NFC9 1.0.0
2025-11-21 13:53:48,484 [INFO] ThirdParty:967 - CMSIS Pack Vendor :STMicroelectronics USB_HOST 2.0.0
2025-11-21 13:53:48,484 [INFO] ThirdParty:967 - CMSIS Pack Vendor :STMicroelectronics X-CUBE-AZRTOS-F4 1.1.0
2025-11-21 13:53:48,484 [INFO] ThirdParty:967 - CMSIS Pack Vendor :STMicroelectronics FP-ATR-ASTRA1 2.0.2
2025-11-21 13:53:48,484 [INFO] ThirdParty:967 - CMSIS Pack Vendor :STMicroelectronics FP-ATR-ASTRA1 2.0.1
2025-11-21 13:53:48,484 [INFO] ThirdParty:967 - CMSIS Pack Vendor :STMicroelectronics X-CUBE-BLE1 7.1.0
2025-11-21 13:53:48,484 [INFO] ThirdParty:967 - CMSIS Pack Vendor :STMicroelectronics X-CUBE-WB05N 1.1.0
2025-11-21 13:53:48,484 [INFO] ThirdParty:967 - CMSIS Pack Vendor :STMicroelectronics USB_DEVICE 3.0.0
2025-11-21 13:53:48,485 [INFO] ThirdParty:967 - CMSIS Pack Vendor :STMicroelectronics X-CUBE-ISPU 2.1.0
2025-11-21 13:53:48,485 [INFO] ThirdParty:967 - CMSIS Pack Vendor :STMicroelectronics X-CUBE-EEPRMA1 5.2.0
2025-11-21 13:53:48,485 [INFO] ThirdParty:967 - CMSIS Pack Vendor :STMicroelectronics X-CUBE-AZRTOS-WB 2.0.0
2025-11-21 13:53:48,485 [INFO] ThirdParty:967 - CMSIS Pack Vendor :STMicroelectronics X-CUBE-GNSS1 7.0.0
2025-11-21 13:53:48,485 [INFO] ThirdParty:967 - CMSIS Pack Vendor :STMicroelectronics X-CUBE-GNSS1 7.0.1
2025-11-21 13:53:48,485 [INFO] ThirdParty:967 - CMSIS Pack Vendor :STMicroelectronics X-CUBE-NFC12 1.0.0
2025-11-21 13:53:48,485 [INFO] ThirdParty:967 - CMSIS Pack Vendor :STMicroelectronics X-CUBE-AZRTOS-F7 1.1.0
2025-11-21 13:53:48,485 [INFO] ThirdParty:967 - CMSIS Pack Vendor :STMicroelectronics X-CUBE-AZRTOS-L5 2.0.0
2025-11-21 13:53:48,485 [INFO] ThirdParty:967 - CMSIS Pack Vendor :STMicroelectronics X-CUBE-TOUCHGFX 4.25.0
2025-11-21 13:53:48,485 [INFO] ThirdParty:967 - CMSIS Pack Vendor :STMicroelectronics USB_DEVICE 2.0.0
2025-11-21 13:53:48,485 [INFO] ThirdParty:967 - CMSIS Pack Vendor :STMicroelectronics X-CUBE-NFC6 3.1.0
2025-11-21 13:53:48,485 [INFO] ThirdParty:967 - CMSIS Pack Vendor :STMicroelectronics X-CUBE-MEMS1 11.0.0
2025-11-21 13:53:48,485 [INFO] ThirdParty:967 - CMSIS Pack Vendor :STMicroelectronics X-CUBE-MEMS1 11.2.0
2025-11-21 13:53:48,485 [INFO] ThirdParty:967 - CMSIS Pack Vendor :STMicroelectronics FreeRTOS 0.0.1
2025-11-21 13:53:48,485 [INFO] ThirdParty:967 - CMSIS Pack Vendor :STMicroelectronics X-CUBE-AZRTOS-G0 1.1.0
2025-11-21 13:53:48,485 [INFO] ThirdParty:967 - CMSIS Pack Vendor :STMicroelectronics X-CUBE-SAFEA1 1.2.2
2025-11-21 13:53:48,485 [INFO] ThirdParty:967 - CMSIS Pack Vendor :STMicroelectronics X-CUBE-NFC4 3.0.0
2025-11-21 13:53:48,485 [INFO] ThirdParty:967 - CMSIS Pack Vendor :STMicroelectronics X-CUBE-SUBG2 5.0.0
2025-11-21 13:53:48,485 [INFO] ThirdParty:967 - CMSIS Pack Vendor :STMicroelectronics X-CUBE-AZRTOS-H7RS 1.1.0
2025-11-21 13:53:48,485 [INFO] ThirdParty:967 - CMSIS Pack Vendor :STMicroelectronics lwIP 2.0.3
2025-11-21 13:53:48,485 [INFO] ThirdParty:967 - CMSIS Pack Vendor :STMicroelectronics USB_HOST 1.0.0
2025-11-21 13:53:48,485 [INFO] ThirdParty:967 - CMSIS Pack Vendor :STMicroelectronics X-CUBE-AZRTOS-G4 2.0.0
2025-11-21 13:53:48,485 [INFO] ThirdParty:967 - CMSIS Pack Vendor :STMicroelectronics X-CUBE-WB05N 2.0.0
2025-11-21 13:53:48,485 [INFO] ThirdParty:967 - CMSIS Pack Vendor :STMicroelectronics PDM2PCM 3.1.0
2025-11-21 13:53:48,485 [INFO] ThirdParty:967 - CMSIS Pack Vendor :STMicroelectronics PDM2PCM 3.3.0
2025-11-21 13:53:48,485 [INFO] ThirdParty:967 - CMSIS Pack Vendor :STMicroelectronics X-CUBE-AZRTOS-H7 3.4.0
2025-11-21 13:53:48,485 [INFO] ThirdParty:967 - CMSIS Pack Vendor :STMicroelectronics X-CUBE-NFC7 2.0.0
2025-11-21 13:53:48,486 [INFO] ThirdParty:967 - CMSIS Pack Vendor :STMicroelectronics X-CUBE-BLE1 7.0.0
2025-11-21 13:53:48,486 [INFO] ThirdParty:967 - CMSIS Pack Vendor :STMicroelectronics FP-ATR-SIGFOX1 3.2.0
2025-11-21 13:53:48,486 [INFO] ThirdParty:967 - CMSIS Pack Vendor :STMicroelectronics X-CUBE-NFC10 1.0.0
2025-11-21 13:53:48,486 [INFO] ThirdParty:967 - CMSIS Pack Vendor :wolfSSL I-CUBE-wolfSSL 5.7.2
2025-11-21 13:53:48,486 [INFO] ThirdParty:967 - CMSIS Pack Vendor :STMicroelectronics X-CUBE-EEPRMA1 5.1.0
2025-11-21 13:53:48,486 [INFO] ThirdParty:967 - CMSIS Pack Vendor :STMicroelectronics HAL Drivers 0.0.0
2025-11-21 13:53:48,486 [INFO] ThirdParty:967 - CMSIS Pack Vendor :STMicroelectronics MBEDTLS 2.16.2
2025-11-21 13:53:48,486 [INFO] ThirdParty:967 - CMSIS Pack Vendor :STMicroelectronics X-CUBE-NFC7 1.0.1
2025-11-21 13:53:48,486 [INFO] ThirdParty:967 - CMSIS Pack Vendor :STMicroelectronics MBEDTLS 2.14.1
2025-11-21 13:53:48,486 [INFO] ThirdParty:967 - CMSIS Pack Vendor :STMicroelectronics X-CUBE-GNSS1 7.1.0
2025-11-21 13:53:48,486 [INFO] ThirdParty:967 - CMSIS Pack Vendor :STMicroelectronics X-CUBE-TOUCHGFX 4.26.0
2025-11-21 13:53:48,486 [INFO] ThirdParty:967 - CMSIS Pack Vendor :STMicroelectronics X-CUBE-TOUCHGFX 4.24.1
2025-11-21 13:53:48,486 [INFO] ThirdParty:967 - CMSIS Pack Vendor :STMicroelectronics X-CUBE-STSE01 1.0.0
2025-11-21 13:53:48,486 [INFO] ThirdParty:967 - CMSIS Pack Vendor :wolfSSL I-CUBE-wolfTPM 3.4.0
2025-11-21 13:53:48,486 [INFO] ThirdParty:967 - CMSIS Pack Vendor :portGmbH I-Cube-SoM-uGOAL 1.1.0
2025-11-21 13:53:48,486 [INFO] ThirdParty:967 - CMSIS Pack Vendor :STMicroelectronics X-CUBE-AI 10.0.0
2025-11-21 13:53:48,486 [INFO] ThirdParty:967 - CMSIS Pack Vendor :STMicroelectronics X-CUBE-AI 10.2.0
2025-11-21 13:53:48,486 [INFO] ThirdParty:967 - CMSIS Pack Vendor :STMicroelectronics X-CUBE-AZRTOS-WL 2.0.0
2025-11-21 13:53:48,486 [INFO] ThirdParty:967 - CMSIS Pack Vendor :SEGGER I-CUBE-embOS 1.3.1
2025-11-21 13:53:48,486 [INFO] ThirdParty:967 - CMSIS Pack Vendor :STMicroelectronics X-CUBE-ALGOBUILD 1.4.0
2025-11-21 13:53:48,486 [INFO] ThirdParty:967 - CMSIS Pack Vendor :STMicroelectronics X-CUBE-MEMS1 11.3.0
2025-11-21 13:53:48,486 [INFO] ThirdParty:967 - CMSIS Pack Vendor :STMicroelectronics USB_DEVICE 1.0.0
2025-11-21 13:53:48,486 [INFO] ThirdParty:967 - CMSIS Pack Vendor :STMicroelectronics X-CUBE-AZRTOS-H7RS 1.0.0
2025-11-21 13:53:48,486 [INFO] ThirdParty:967 - CMSIS Pack Vendor :wolfSSL I-CUBE-wolfMQTT 1.19.0
2025-11-21 13:53:48,486 [INFO] ThirdParty:967 - CMSIS Pack Vendor :STMicroelectronics X-CUBE-AZRTOS-L4 2.0.0
2025-11-21 13:53:48,486 [INFO] ThirdParty:967 - CMSIS Pack Vendor :STMicroelectronics ThreadX 0.0.2
2025-11-21 13:53:48,486 [INFO] ThirdParty:967 - CMSIS Pack Vendor :WES I-CUBE-Cesium 1.3.0
2025-11-21 13:53:48,487 [INFO] ThirdParty:967 - CMSIS Pack Vendor :STMicroelectronics FP-ATR-ASTRA1 2.0.0
2025-11-21 13:53:48,487 [INFO] ThirdParty:967 - CMSIS Pack Vendor :STMicroelectronics lwIP 2.1.2
2025-11-21 13:53:48,487 [INFO] ThirdParty:967 - CMSIS Pack Vendor :STMicroelectronics X-CUBE-SFXS2LP1 4.0.0
2025-11-21 13:53:48,487 [INFO] ThirdParty:967 - CMSIS Pack Vendor :STMicroelectronics X-CUBE-BLE2 3.3.0
2025-11-21 13:53:48,487 [INFO] ThirdParty:967 - CMSIS Pack Vendor :STMicroelectronics X-CUBE-AI 9.1.0
2025-11-21 13:53:48,487 [INFO] ThirdParty:967 - CMSIS Pack Vendor :STMicroelectronics PDM2PCM 3.2.0
2025-11-21 13:53:48,487 [INFO] ThirdParty:967 - CMSIS Pack Vendor :wolfSSL I-CUBE-wolfSSH 1.4.17
2025-11-21 13:53:48,487 [INFO] ThirdParty:787 - exiting critical section [change project]
2025-11-21 13:53:48,675 [INFO] PinOutPanel:1463 - setPackage(No Configuration,No Configuration)
2025-11-21 13:53:48,676 [INFO] PinOutPanel:1463 - setPackage(STM32F103RBTx,LQFP64)
2025-11-21 13:53:48,945 [INFO] UtilMem:74 - Before build in PCC Used Memory: 926619712 Bytes (1073741824)
2025-11-21 13:53:49,422 [INFO] UtilMem:74 - After build in PCC Used Memory: 960501648 Bytes (1073741824)
2025-11-21 13:53:49,442 [INFO] IPUIPlugin:74 - create IPUIPlugin
2025-11-21 13:53:49,442 [INFO] IPUIPlugin:74 - create IPUIPlugin
2025-11-21 13:53:49,443 [INFO] IPUIPlugin:74 - create IPUIPlugin
2025-11-21 13:53:49,443 [INFO] IPUIPlugin:74 - create IPUIPlugin
2025-11-21 13:53:49,443 [INFO] IPUIPlugin:74 - create IPUIPlugin
2025-11-21 13:53:49,443 [INFO] IPUIPlugin:74 - create IPUIPlugin
2025-11-21 13:53:49,443 [INFO] IPUIPlugin:74 - create IPUIPlugin
2025-11-21 13:53:49,443 [INFO] IPUIPlugin:74 - create IPUIPlugin
2025-11-21 13:53:49,443 [INFO] IPUIPlugin:74 - create IPUIPlugin
2025-11-21 13:53:49,443 [INFO] IPUIPlugin:74 - create IPUIPlugin
2025-11-21 13:53:49,443 [INFO] IPUIPlugin:74 - create IPUIPlugin
2025-11-21 13:53:49,443 [INFO] IPUIPlugin:74 - create IPUIPlugin
2025-11-21 13:53:49,444 [INFO] IPUIPlugin:74 - create IPUIPlugin
2025-11-21 13:53:49,444 [INFO] IPUIPlugin:74 - create IPUIPlugin
2025-11-21 13:53:49,444 [INFO] IPUIPlugin:74 - create IPUIPlugin
2025-11-21 13:53:49,444 [INFO] IPUIPlugin:74 - create IPUIPlugin
2025-11-21 13:53:49,444 [INFO] IPUIPlugin:74 - create IPUIPlugin
2025-11-21 13:53:49,444 [INFO] IPUIPlugin:74 - create IPUIPlugin
2025-11-21 13:53:49,445 [INFO] IPUIPlugin:74 - create IPUIPlugin
2025-11-21 13:53:49,445 [INFO] IPUIPlugin:74 - create IPUIPlugin
2025-11-21 13:53:49,445 [INFO] IPUIPlugin:74 - create IPUIPlugin
2025-11-21 13:53:49,445 [INFO] IPUIPlugin:74 - create IPUIPlugin
2025-11-21 13:53:49,445 [INFO] IPUIPlugin:74 - create IPUIPlugin
2025-11-21 13:53:49,446 [INFO] IPUIPlugin:74 - create IPUIPlugin
2025-11-21 13:53:49,446 [INFO] IPUIPlugin:74 - create IPUIPlugin
2025-11-21 13:53:49,446 [INFO] IPUIPlugin:74 - create IPUIPlugin
2025-11-21 13:53:49,446 [INFO] IPUIPlugin:74 - create IPUIPlugin
2025-11-21 13:53:49,527 [INFO] OpenFileManager:333 - Restore cursor
2025-11-21 13:53:49,719 [INFO] UtilMem:74 - End SaveConfig() Used Memory: 944144936 Bytes (1073741824)
2025-11-21 13:53:49,769 [INFO] UtilMem:74 - End SaveConfig() Used Memory: 962497064 Bytes (1073741824)
2025-11-21 13:53:50,012 [INFO] BlockDiagram:2740 - set Specific Code input for plugin: NVIC
2025-11-21 13:53:50,012 [INFO] BlockDiagram:2740 - set Specific Code input for plugin: SYS
2025-11-21 13:53:50,012 [INFO] BlockDiagram:2740 - set Specific Code input for plugin: RCC
2025-11-21 13:53:50,013 [INFO] CodeGenerator:663 - code generatio: config db path: E:\STM32CubeIDE\STM32CubeIDE_1.7.0\STM32CubeIDE\plugins\com.st.stm32cube.common.mx_6.3.0.202107141111\\db\
2025-11-21 13:53:50,248 [INFO] CodeEngine:239 - oldGeneratedFile, D:\CACMONDAICUONG\HK251\VXL_VDK\LAB\Prj_OnBoard\Traffic_Light_On_Board\MXTmpFiles\license.tmp_save
2025-11-21 13:53:50,459 [INFO] CodeEngine:257 - Generated code: D:\CACMONDAICUONG\HK251\VXL_VDK\LAB\Prj_OnBoard\Traffic_Light_On_Board\MXTmpFiles\license.tmp
2025-11-21 13:53:50,570 [INFO] CodeEngine:239 - oldGeneratedFile, D:\CACMONDAICUONG\HK251\VXL_VDK\LAB\Prj_OnBoard\Traffic_Light_On_Board\Core\Src\stm32f1xx_it.c_save
2025-11-21 13:53:51,082 [INFO] CodeEngine:257 - Generated code: D:\CACMONDAICUONG\HK251\VXL_VDK\LAB\Prj_OnBoard\Traffic_Light_On_Board\Core\Src\stm32f1xx_it.c
2025-11-21 13:53:51,091 [INFO] CodeEngine:239 - oldGeneratedFile, D:\CACMONDAICUONG\HK251\VXL_VDK\LAB\Prj_OnBoard\Traffic_Light_On_Board\Core\Inc\stm32f1xx_it.h_save
2025-11-21 13:53:51,161 [INFO] CodeEngine:257 - Generated code: D:\CACMONDAICUONG\HK251\VXL_VDK\LAB\Prj_OnBoard\Traffic_Light_On_Board\Core\Inc\stm32f1xx_it.h
2025-11-21 13:53:51,174 [INFO] CodeEngine:239 - oldGeneratedFile, D:\CACMONDAICUONG\HK251\VXL_VDK\LAB\Prj_OnBoard\Traffic_Light_On_Board\Core\Src\stm32f1xx_hal_msp.c_save
2025-11-21 13:53:51,254 [INFO] CodeEngine:257 - Generated code: D:\CACMONDAICUONG\HK251\VXL_VDK\LAB\Prj_OnBoard\Traffic_Light_On_Board\Core\Src\stm32f1xx_hal_msp.c
2025-11-21 13:53:51,261 [INFO] CodeEngine:239 - oldGeneratedFile, D:\CACMONDAICUONG\HK251\VXL_VDK\LAB\Prj_OnBoard\Traffic_Light_On_Board\MXTmpFiles\system.tmp_save
2025-11-21 13:53:51,307 [INFO] CodeEngine:257 - Generated code: D:\CACMONDAICUONG\HK251\VXL_VDK\LAB\Prj_OnBoard\Traffic_Light_On_Board\MXTmpFiles\system.tmp
2025-11-21 13:53:51,318 [INFO] CodeEngine:239 - oldGeneratedFile, D:\CACMONDAICUONG\HK251\VXL_VDK\LAB\Prj_OnBoard\Traffic_Light_On_Board\Core\Inc\stm32f1xx_hal_conf.h_save
2025-11-21 13:53:51,392 [INFO] CodeEngine:257 - Generated code: D:\CACMONDAICUONG\HK251\VXL_VDK\LAB\Prj_OnBoard\Traffic_Light_On_Board\Core\Inc\stm32f1xx_hal_conf.h
2025-11-21 13:53:51,442 [INFO] CodeEngine:239 - oldGeneratedFile, D:\CACMONDAICUONG\HK251\VXL_VDK\LAB\Prj_OnBoard\Traffic_Light_On_Board\Core\Inc\main.h_save
2025-11-21 13:53:51,523 [INFO] CodeEngine:257 - Generated code: D:\CACMONDAICUONG\HK251\VXL_VDK\LAB\Prj_OnBoard\Traffic_Light_On_Board\Core\Inc\main.h
2025-11-21 13:53:51,535 [INFO] CodeEngine:239 - oldGeneratedFile, D:\CACMONDAICUONG\HK251\VXL_VDK\LAB\Prj_OnBoard\Traffic_Light_On_Board\Core\Src\main.c_save
2025-11-21 13:53:51,637 [INFO] CodeEngine:257 - Generated code: D:\CACMONDAICUONG\HK251\VXL_VDK\LAB\Prj_OnBoard\Traffic_Light_On_Board\Core\Src\main.c
2025-11-21 13:53:52,567 [INFO] ProjectBuilder:2578 - Time for Copy HAL[1] : 59mS.
2025-11-21 13:53:52,571 [INFO] ProjectBuilder:3622 - Project Generator version: 3.14.1
2025-11-21 13:53:52,916 [INFO] ConfigFileManager:1271 - The Die is : DIE410
2025-11-21 13:53:52,939 [INFO] ApiDbMcu:468 - Load IP Config File for FATFS
2025-11-21 13:53:52,969 [INFO] ApiDbMcu:468 - Load IP Config File for FREERTOS
2025-11-21 13:53:52,996 [INFO] ApiDbMcu:468 - Load IP Config File for USB_DEVICE
2025-11-21 13:53:58,621 [INFO] ProjectBuilder:3789 - Time for Generating toolchain IDE Files: 6050mS.
2025-11-21 13:53:58,621 [INFO] ProjectBuilder:2457 - Time for Copy CMSIS : 0mS.
2025-11-21 13:53:58,622 [INFO] ProjectBuilder:2457 - Time for Copy CMSIS : 0mS.
2025-11-21 13:53:59,929 [INFO] McuFinderGlobals:52 - Set McuFinderConnectedMode to true
2025-11-21 13:53:59,931 [INFO] ApiDb:276 - Save user favorites file C:\Users\Admin/.stm32cubeide/favorites.mcus.txt: 0 item(s)
2025-11-21 13:53:59,931 [INFO] ApiDb:280 - User favorites MCUs=[]
2025-11-21 13:58:17,274 [INFO] Gpio:254 - dependency for GPIO [RCC, SYS]
2025-11-21 13:58:18,723 [INFO] Gpio:254 - dependency for GPIO [RCC, SYS]
2025-11-21 13:58:19,196 [INFO] Gpio:254 - dependency for GPIO [RCC, SYS]
2025-11-21 14:01:10,989 [INFO] Gpio:254 - dependency for GPIO [RCC, SYS]
2025-11-21 14:01:14,462 [INFO] Gpio:254 - dependency for GPIO [RCC, SYS]
2025-11-21 14:01:16,487 [INFO] Gpio:254 - dependency for GPIO [RCC, SYS]
2025-11-21 14:01:18,635 [INFO] Gpio:254 - dependency for GPIO [RCC, SYS]
2025-11-21 14:08:59,742 [INFO] Gpio:254 - dependency for GPIO [RCC, SYS]
2025-11-21 14:09:01,465 [INFO] Gpio:254 - dependency for GPIO [RCC, SYS]
2025-11-21 14:09:02,755 [INFO] Gpio:254 - dependency for GPIO [RCC, SYS]
2025-11-21 14:09:04,270 [INFO] Gpio:254 - dependency for GPIO [RCC, SYS]
2025-11-21 14:09:10,409 [INFO] Gpio:254 - dependency for GPIO [RCC, SYS]
2025-11-21 14:09:12,945 [INFO] Gpio:254 - dependency for GPIO [RCC, SYS]
2025-11-21 14:11:31,575 [INFO] Gpio:254 - dependency for GPIO [RCC, SYS]
2025-11-21 14:11:36,119 [INFO] Gpio:254 - dependency for GPIO [RCC, SYS]
2025-11-21 14:14:12,097 [INFO] Gpio:254 - dependency for GPIO [RCC, SYS]
2025-11-21 14:26:48,921 [INFO] Gpio:254 - dependency for GPIO [RCC, SYS]
2025-11-21 14:26:52,966 [INFO] Gpio:254 - dependency for GPIO [RCC, SYS]
2025-11-21 14:28:08,566 [INFO] Gpio:254 - dependency for GPIO [RCC, SYS]
2025-11-21 14:29:02,236 [INFO] Gpio:254 - dependency for GPIO [RCC, SYS]
2025-11-21 14:29:21,696 [WARN] IP:2125 - I2C_Coeff_DF not found: check if there is a RefParameter without a condition.
2025-11-21 14:29:21,696 [WARN] IP:2125 - Analog_Filter not found: check if there is a RefParameter without a condition.
2025-11-21 14:29:21,711 [WARN] IP:2125 - I2C_Coeff_DF not found: check if there is a RefParameter without a condition.
2025-11-21 14:29:21,711 [WARN] IP:2125 - Analog_Filter not found: check if there is a RefParameter without a condition.
2025-11-21 14:29:21,711 [WARN] IP:2125 - I2C_Coeff_DF not found: check if there is a RefParameter without a condition.
2025-11-21 14:29:21,711 [WARN] IP:2125 - Analog_Filter not found: check if there is a RefParameter without a condition.
2025-11-21 14:29:21,716 [WARN] IP:2125 - I2C_Coeff_DF not found: check if there is a RefParameter without a condition.
2025-11-21 14:29:21,716 [WARN] IP:2125 - Analog_Filter not found: check if there is a RefParameter without a condition.
2025-11-21 14:29:21,716 [WARN] IP:2125 - I2C_Coeff_DF not found: check if there is a RefParameter without a condition.
2025-11-21 14:29:21,716 [WARN] IP:2125 - Analog_Filter not found: check if there is a RefParameter without a condition.
2025-11-21 14:29:21,726 [WARN] IP:2125 - I2C_Coeff_DF not found: check if there is a RefParameter without a condition.
2025-11-21 14:29:21,726 [WARN] IP:2125 - Analog_Filter not found: check if there is a RefParameter without a condition.
2025-11-21 14:29:21,726 [WARN] IP:2125 - I2C_Coeff_DF not found: check if there is a RefParameter without a condition.
2025-11-21 14:29:21,726 [WARN] IP:2125 - Analog_Filter not found: check if there is a RefParameter without a condition.
2025-11-21 14:29:21,766 [WARN] IP:2125 - I2C_Coeff_DF not found: check if there is a RefParameter without a condition.
2025-11-21 14:29:21,766 [WARN] IP:2125 - Analog_Filter not found: check if there is a RefParameter without a condition.
2025-11-21 14:29:21,766 [WARN] IP:2125 - I2C_Coeff_DF not found: check if there is a RefParameter without a condition.
2025-11-21 14:29:21,766 [WARN] IP:2125 - Analog_Filter not found: check if there is a RefParameter without a condition.
2025-11-21 14:29:21,766 [WARN] IP:2125 - I2C_Coeff_DF not found: check if there is a RefParameter without a condition.
2025-11-21 14:29:21,766 [WARN] IP:2125 - Analog_Filter not found: check if there is a RefParameter without a condition.
2025-11-21 14:29:29,045 [WARN] IP:2125 - I2C_Coeff_DF not found: check if there is a RefParameter without a condition.
2025-11-21 14:29:29,045 [WARN] IP:2125 - Analog_Filter not found: check if there is a RefParameter without a condition.
2025-11-21 14:29:29,046 [WARN] IP:2125 - I2C_Coeff_DF not found: check if there is a RefParameter without a condition.
2025-11-21 14:29:29,046 [WARN] IP:2125 - Analog_Filter not found: check if there is a RefParameter without a condition.
2025-11-21 14:30:32,286 [WARN] IP:2125 - I2C_Coeff_DF not found: check if there is a RefParameter without a condition.
2025-11-21 14:30:32,286 [WARN] IP:2125 - Analog_Filter not found: check if there is a RefParameter without a condition.
2025-11-21 14:30:32,286 [WARN] IP:2125 - I2C_Coeff_DF not found: check if there is a RefParameter without a condition.
2025-11-21 14:30:32,286 [WARN] IP:2125 - Analog_Filter not found: check if there is a RefParameter without a condition.
2025-11-21 14:30:32,298 [WARN] IP:2125 - I2C_Coeff_DF not found: check if there is a RefParameter without a condition.
2025-11-21 14:30:32,298 [WARN] IP:2125 - Analog_Filter not found: check if there is a RefParameter without a condition.
2025-11-21 14:30:32,306 [WARN] IP:2125 - I2C_Coeff_DF not found: check if there is a RefParameter without a condition.
2025-11-21 14:30:32,306 [WARN] IP:2125 - Analog_Filter not found: check if there is a RefParameter without a condition.
2025-11-21 14:30:32,336 [WARN] IP:2125 - I2C_Coeff_DF not found: check if there is a RefParameter without a condition.
2025-11-21 14:30:32,336 [WARN] IP:2125 - Analog_Filter not found: check if there is a RefParameter without a condition.
2025-11-21 14:30:32,346 [WARN] IP:2125 - I2C_Coeff_DF not found: check if there is a RefParameter without a condition.
2025-11-21 14:30:32,346 [WARN] IP:2125 - Analog_Filter not found: check if there is a RefParameter without a condition.
2025-11-21 14:30:58,346 [INFO] NvicIntPanel:96 - NVIC parent = com.st.microxplorer.plugins.ip.nvic.MultiNvicIntPanel[,0,0,477x194,layout=javax.swing.BoxLayout,alignmentX=0.0,alignmentY=0.0,border=,flags=9,maximumSize=,minimumSize=,preferredSize=]
2025-11-21 14:31:01,266 [WARN] IP:2125 - I2C_Coeff_DF not found: check if there is a RefParameter without a condition.
2025-11-21 14:31:01,266 [WARN] IP:2125 - Analog_Filter not found: check if there is a RefParameter without a condition.
2025-11-21 14:31:01,276 [WARN] IP:2125 - I2C_Coeff_DF not found: check if there is a RefParameter without a condition.
2025-11-21 14:31:01,276 [WARN] IP:2125 - Analog_Filter not found: check if there is a RefParameter without a condition.
2025-11-21 14:31:01,276 [WARN] IP:2125 - I2C_Coeff_DF not found: check if there is a RefParameter without a condition.
2025-11-21 14:31:01,276 [WARN] IP:2125 - Analog_Filter not found: check if there is a RefParameter without a condition.
2025-11-21 14:31:01,281 [INFO] NvicIntPanel:96 - NVIC parent = com.st.microxplorer.plugins.ip.nvic.MultiNvicIntPanel[,0,0,0x0,invalid,layout=javax.swing.BoxLayout,alignmentX=0.0,alignmentY=0.0,border=,flags=9,maximumSize=,minimumSize=,preferredSize=]
2025-11-21 14:31:05,339 [WARN] IP:2125 - I2C_Coeff_DF not found: check if there is a RefParameter without a condition.
2025-11-21 14:31:05,339 [WARN] IP:2125 - Analog_Filter not found: check if there is a RefParameter without a condition.
2025-11-21 14:31:05,339 [WARN] IP:2125 - I2C_Coeff_DF not found: check if there is a RefParameter without a condition.
2025-11-21 14:31:05,339 [WARN] IP:2125 - Analog_Filter not found: check if there is a RefParameter without a condition.
2025-11-21 14:31:12,394 [INFO] Gpio:254 - dependency for GPIO [I2C1, RCC, SYS]
2025-11-21 14:32:12,018 [INFO] UtilMem:74 - End SaveConfig() Used Memory: 965422848 Bytes (1073741824)
2025-11-21 14:32:13,159 [INFO] UtilMem:74 - End SaveConfig() Used Memory: 992163568 Bytes (1073741824)
2025-11-21 14:32:15,376 [INFO] UtilMem:74 - End SaveConfig() Used Memory: 1013912792 Bytes (1073741824)
2025-11-21 14:32:15,586 [INFO] BlockDiagram:2740 - set Specific Code input for plugin: NVIC
2025-11-21 14:32:15,586 [INFO] BlockDiagram:2740 - set Specific Code input for plugin: SYS
2025-11-21 14:32:15,586 [INFO] BlockDiagram:2740 - set Specific Code input for plugin: GPIO
2025-11-21 14:32:15,586 [INFO] BlockDiagram:2740 - set Specific Code input for plugin: RCC
2025-11-21 14:32:15,586 [INFO] BlockDiagram:2740 - set Specific Code input for plugin: I2C
2025-11-21 14:32:15,586 [INFO] CodeGenerator:663 - code generatio: config db path: E:\STM32CubeIDE\STM32CubeIDE_1.7.0\STM32CubeIDE\plugins\com.st.stm32cube.common.mx_6.3.0.202107141111\\db\
2025-11-21 14:32:15,596 [WARN] IP:2125 - I2C_Coeff_DF not found: check if there is a RefParameter without a condition.
2025-11-21 14:32:15,596 [WARN] IP:2125 - Analog_Filter not found: check if there is a RefParameter without a condition.
2025-11-21 14:32:16,281 [INFO] CodeEngine:239 - oldGeneratedFile, D:\CACMONDAICUONG\HK251\VXL_VDK\LAB\Prj_OnBoard\Traffic_Light_On_Board\MXTmpFiles\license.tmp_save
2025-11-21 14:32:16,329 [INFO] CodeEngine:257 - Generated code: D:\CACMONDAICUONG\HK251\VXL_VDK\LAB\Prj_OnBoard\Traffic_Light_On_Board\MXTmpFiles\license.tmp
2025-11-21 14:32:16,396 [INFO] CodeEngine:239 - oldGeneratedFile, D:\CACMONDAICUONG\HK251\VXL_VDK\LAB\Prj_OnBoard\Traffic_Light_On_Board\MXTmpFiles\gpio.tmp_save
2025-11-21 14:32:16,472 [INFO] CodeEngine:257 - Generated code: D:\CACMONDAICUONG\HK251\VXL_VDK\LAB\Prj_OnBoard\Traffic_Light_On_Board\MXTmpFiles\gpio.tmp
2025-11-21 14:32:16,488 [ERROR] IPConfigManager:1513 - ERROR: the RefConfig I2C_Analogue is not available in your config.xml file
2025-11-21 14:32:16,488 [ERROR] IPConfigManager:1513 - ERROR: the RefConfig I2C_DigitalFolter is not available in your config.xml file
2025-11-21 14:32:16,556 [INFO] CodeEngine:239 - oldGeneratedFile, D:\CACMONDAICUONG\HK251\VXL_VDK\LAB\Prj_OnBoard\Traffic_Light_On_Board\Core\Src\stm32f1xx_it.c_save
2025-11-21 14:32:16,666 [INFO] CodeEngine:257 - Generated code: D:\CACMONDAICUONG\HK251\VXL_VDK\LAB\Prj_OnBoard\Traffic_Light_On_Board\Core\Src\stm32f1xx_it.c
2025-11-21 14:32:16,666 [INFO] CodeEngine:239 - oldGeneratedFile, D:\CACMONDAICUONG\HK251\VXL_VDK\LAB\Prj_OnBoard\Traffic_Light_On_Board\Core\Inc\stm32f1xx_it.h_save
2025-11-21 14:32:16,741 [INFO] CodeEngine:257 - Generated code: D:\CACMONDAICUONG\HK251\VXL_VDK\LAB\Prj_OnBoard\Traffic_Light_On_Board\Core\Inc\stm32f1xx_it.h
2025-11-21 14:32:16,746 [INFO] CodeEngine:239 - oldGeneratedFile, D:\CACMONDAICUONG\HK251\VXL_VDK\LAB\Prj_OnBoard\Traffic_Light_On_Board\Core\Src\stm32f1xx_hal_msp.c_save
2025-11-21 14:32:16,856 [INFO] CodeEngine:257 - Generated code: D:\CACMONDAICUONG\HK251\VXL_VDK\LAB\Prj_OnBoard\Traffic_Light_On_Board\Core\Src\stm32f1xx_hal_msp.c
2025-11-21 14:32:16,856 [INFO] CodeEngine:239 - oldGeneratedFile, D:\CACMONDAICUONG\HK251\VXL_VDK\LAB\Prj_OnBoard\Traffic_Light_On_Board\MXTmpFiles\system.tmp_save
2025-11-21 14:32:16,906 [INFO] CodeEngine:257 - Generated code: D:\CACMONDAICUONG\HK251\VXL_VDK\LAB\Prj_OnBoard\Traffic_Light_On_Board\MXTmpFiles\system.tmp
2025-11-21 14:32:16,920 [INFO] CodeEngine:239 - oldGeneratedFile, D:\CACMONDAICUONG\HK251\VXL_VDK\LAB\Prj_OnBoard\Traffic_Light_On_Board\Core\Inc\stm32f1xx_hal_conf.h_save
2025-11-21 14:32:16,988 [INFO] CodeEngine:257 - Generated code: D:\CACMONDAICUONG\HK251\VXL_VDK\LAB\Prj_OnBoard\Traffic_Light_On_Board\Core\Inc\stm32f1xx_hal_conf.h
2025-11-21 14:32:17,016 [INFO] CodeEngine:239 - oldGeneratedFile, D:\CACMONDAICUONG\HK251\VXL_VDK\LAB\Prj_OnBoard\Traffic_Light_On_Board\Core\Inc\main.h_save
2025-11-21 14:32:17,077 [INFO] CodeEngine:257 - Generated code: D:\CACMONDAICUONG\HK251\VXL_VDK\LAB\Prj_OnBoard\Traffic_Light_On_Board\Core\Inc\main.h
2025-11-21 14:32:17,086 [INFO] CodeEngine:239 - oldGeneratedFile, D:\CACMONDAICUONG\HK251\VXL_VDK\LAB\Prj_OnBoard\Traffic_Light_On_Board\Core\Src\main.c_save
2025-11-21 14:32:17,177 [INFO] CodeEngine:257 - Generated code: D:\CACMONDAICUONG\HK251\VXL_VDK\LAB\Prj_OnBoard\Traffic_Light_On_Board\Core\Src\main.c
2025-11-21 14:32:18,192 [INFO] ProjectBuilder:2578 - Time for Copy HAL[1] : 63mS.
2025-11-21 14:32:18,196 [INFO] ProjectBuilder:3622 - Project Generator version: 3.14.1
2025-11-21 14:32:18,994 [INFO] ConfigFileManager:1271 - The Die is : DIE410
2025-11-21 14:32:21,493 [INFO] ProjectBuilder:3789 - Time for Generating toolchain IDE Files: 3297mS.
2025-11-21 14:32:21,494 [INFO] ProjectBuilder:2457 - Time for Copy CMSIS : 0mS.
2025-11-21 14:32:21,495 [INFO] ProjectBuilder:2457 - Time for Copy CMSIS : 0mS.
2025-11-22 06:47:01,473 [INFO] Activator:177 - 


2025-11-22 06:47:01,473 [INFO] Activator:178 - !SESSION log4j initialized
